生成启动时间为 2017/12/18 8:33:09。
     1>项目“C:\Users\Wang Jiarui\Desktop\TestVc++\IP31HOST\Kvaser_Lin\Kvaser_Lin.vcxproj”在节点 2 上(build 个目标)。
     1>InitializeBuildStatus:
         正在创建“Debug\Kvaser_Lin.unsuccessfulbuild”，因为已指定“AlwaysCreate”。
       GenerateTargetFrameworkMonikerAttribute:
       正在跳过目标“GenerateTargetFrameworkMonikerAttribute”，因为所有输出文件相对于输入文件而言都是最新的。
       ClCompile:
         所有输出均为最新。
         C:\Program Files (x86)\Microsoft Visual Studio 10.0\VC\bin\CL.exe /c /AI"C:\Program Files (x86)\Reference Assemblies\Microsoft\Framework\.NETFramework\v4.0" /Zi /clr:pure /nologo /W3 /WX- /Od /Oy- /D WIN32 /D _DEBUG /D _UNICODE /D UNICODE /EHa /MDd /GS /fp:precise /Zc:wchar_t /Zc:forScope /Yu"StdAfx.h" /Fp"Debug\Kvaser_Lin.pch" /Fo"Debug\\" /Fd"Debug\vc100.pdb" /TP /FU"C:\Users\Wang Jiarui\Desktop\TestVc++\IP31HOST\Debug\linlibCLSNET.dll" /FU"C:\Program Files (x86)\Reference Assemblies\Microsoft\Framework\.NETFramework\v4.0\System.Core.dll" /FU"C:\Program Files (x86)\Reference Assemblies\Microsoft\Framework\.NETFramework\v4.0\System.Data.dll" /FU"C:\Program Files (x86)\Reference Assemblies\Microsoft\Framework\.NETFramework\v4.0\System.dll" /FU"C:\Program Files (x86)\Reference Assemblies\Microsoft\Framework\.NETFramework\v4.0\System.Drawing.dll" /FU"C:\Program Files (x86)\Reference Assemblies\Microsoft\Framework\.NETFramework\v4.0\System.Windows.Forms.dll" /FU"C:\Program Files (x86)\Reference Assemblies\Microsoft\Framework\.NETFramework\v4.0\System.Xml.dll" /analyze- /errorReport:prompt Kvaser_Lin.cpp /clr:nostdlib 
         Kvaser_Lin.cpp
     1>c:\users\wang jiarui\desktop\testvc++\ip31host\kvaser_lin\Form1.h(767): warning C4018: “<”: 有符号/无符号不匹配
     1>c:\users\wang jiarui\desktop\testvc++\ip31host\kvaser_lin\Form1.h(773): warning C4018: “<”: 有符号/无符号不匹配
         C:\Program Files (x86)\Microsoft Visual Studio 10.0\VC\bin\CL.exe /c /Zi /clr:pure /nologo /W3 /WX- /Od /Oy- /D WIN32 /D _DEBUG /D _UNICODE /D UNICODE /EHa /MDd /GS /fp:precise /Zc:wchar_t /Zc:forScope /Fo"Debug\\" /Fd"Debug\vc100.pdb" /TP /analyze- /errorReport:prompt "C:\Users\Wang Jiarui\AppData\Local\Temp\.NETFramework,Version=v4.0.AssemblyAttributes.cpp"
         .NETFramework,Version=v4.0.AssemblyAttributes.cpp
       CoreResGen:
         没有相对于源文件而言已过期的资源。正在跳过资源生成操作。
       ResourceCompile:
         所有输出均为最新。
       Link:
         C:\Program Files (x86)\Microsoft Visual Studio 10.0\VC\bin\link.exe /ERRORREPORT:PROMPT /OUT:"C:\Users\Wang Jiarui\Desktop\TestVc++\IP31HOST\Debug\Kvaser_Lin.exe" /INCREMENTAL /NOLOGO /ASSEMBLYRESOURCE:Debug\Kvaser_Lin.Form1.resources /MANIFEST /ManifestFile:"Debug\Kvaser_Lin.exe.intermediate.manifest" /MANIFESTUAC:"level='asInvoker' uiAccess='false'" /DEBUG /PDB:"C:\Users\Wang Jiarui\Desktop\TestVc++\IP31HOST\Debug\Kvaser_Lin.pdb" /ASSEMBLYDEBUG /SUBSYSTEM:WINDOWS /TLBID:1 /ENTRY:"main" /DYNAMICBASE /FIXED:NO /NXCOMPAT /MACHINE:X86 Debug\app.res
         Debug\AssemblyInfo.obj
         Debug\Kvaser_Lin.obj
         Debug\stdafx.obj
         "Debug\.NETFramework,Version=v4.0.AssemblyAttributes.obj"
         Kvaser_Lin.vcxproj -> C:\Users\Wang Jiarui\Desktop\TestVc++\IP31HOST\Debug\Kvaser_Lin.exe
       Manifest:
         C:\Program Files (x86)\Microsoft SDKs\Windows\v7.0A\bin\mt.exe /nologo /verbose /outputresource:"C:\Users\Wang Jiarui\Desktop\TestVc++\IP31HOST\Debug\Kvaser_Lin.exe;#1" /manifest Debug\Kvaser_Lin.exe.intermediate.manifest
       FinalizeBuildStatus:
         正在删除文件“Debug\Kvaser_Lin.unsuccessfulbuild”。
         正在对“Debug\Kvaser_Lin.lastbuildstate”执行 Touch 任务。
     1>已完成生成项目“C:\Users\Wang Jiarui\Desktop\TestVc++\IP31HOST\Kvaser_Lin\Kvaser_Lin.vcxproj”(build 个目标)的操作。

生成成功。

已用时间 00:00:01.27
