D:\005_Log\02C_Week45\002_KC-2_HOST\trunk\Kvaser_Lin\Debug\Kvaser_Lin.exe
D:\005_Log\02C_Week45\002_KC-2_HOST\trunk\Kvaser_Lin\Debug\Kvaser_Lin.ilk
D:\005_Log\02C_Week45\002_KC-2_HOST\trunk\Kvaser_Lin\Debug\Kvaser_Lin.pdb
D:\005_Log\02C_Week45\002_KC-2_HOST\trunk\Kvaser_Lin\Kvaser_Lin\Debug\.NETFramework,Version=v4.0.AssemblyAttributes.obj
D:\005_Log\02C_Week45\002_KC-2_HOST\trunk\Kvaser_Lin\Kvaser_Lin\Debug\app.res
D:\005_Log\02C_Week45\002_KC-2_HOST\trunk\Kvaser_Lin\Kvaser_Lin\Debug\AssemblyInfo.obj
D:\005_Log\02C_Week45\002_KC-2_HOST\trunk\Kvaser_Lin\Kvaser_Lin\Debug\cl.command.1.tlog
D:\005_Log\02C_Week45\002_KC-2_HOST\trunk\Kvaser_Lin\Kvaser_Lin\Debug\CL.read.1.tlog
D:\005_Log\02C_Week45\002_KC-2_HOST\trunk\Kvaser_Lin\Kvaser_Lin\Debug\CL.write.1.tlog
D:\005_Log\02C_Week45\002_KC-2_HOST\trunk\Kvaser_Lin\Kvaser_Lin\Debug\GenerateResource.read.1.tlog
D:\005_Log\02C_Week45\002_KC-2_HOST\trunk\Kvaser_Lin\Kvaser_Lin\Debug\GenerateResource.read.106.tlog
D:\005_Log\02C_Week45\002_KC-2_HOST\trunk\Kvaser_Lin\Kvaser_Lin\Debug\GenerateResource.read.123.tlog
D:\005_Log\02C_Week45\002_KC-2_HOST\trunk\Kvaser_Lin\Kvaser_Lin\Debug\GenerateResource.read.125.tlog
D:\005_Log\02C_Week45\002_KC-2_HOST\trunk\Kvaser_Lin\Kvaser_Lin\Debug\GenerateResource.read.128.tlog
D:\005_Log\02C_Week45\002_KC-2_HOST\trunk\Kvaser_Lin\Kvaser_Lin\Debug\GenerateResource.read.13.tlog
D:\005_Log\02C_Week45\002_KC-2_HOST\trunk\Kvaser_Lin\Kvaser_Lin\Debug\GenerateResource.read.134.tlog
D:\005_Log\02C_Week45\002_KC-2_HOST\trunk\Kvaser_Lin\Kvaser_Lin\Debug\GenerateResource.read.137.tlog
D:\005_Log\02C_Week45\002_KC-2_HOST\trunk\Kvaser_Lin\Kvaser_Lin\Debug\GenerateResource.read.14.tlog
D:\005_Log\02C_Week45\002_KC-2_HOST\trunk\Kvaser_Lin\Kvaser_Lin\Debug\GenerateResource.read.143.tlog
D:\005_Log\02C_Week45\002_KC-2_HOST\trunk\Kvaser_Lin\Kvaser_Lin\Debug\GenerateResource.read.150.tlog
D:\005_Log\02C_Week45\002_KC-2_HOST\trunk\Kvaser_Lin\Kvaser_Lin\Debug\GenerateResource.read.155.tlog
D:\005_Log\02C_Week45\002_KC-2_HOST\trunk\Kvaser_Lin\Kvaser_Lin\Debug\GenerateResource.read.174.tlog
D:\005_Log\02C_Week45\002_KC-2_HOST\trunk\Kvaser_Lin\Kvaser_Lin\Debug\GenerateResource.read.28.tlog
D:\005_Log\02C_Week45\002_KC-2_HOST\trunk\Kvaser_Lin\Kvaser_Lin\Debug\GenerateResource.read.38.tlog
D:\005_Log\02C_Week45\002_KC-2_HOST\trunk\Kvaser_Lin\Kvaser_Lin\Debug\GenerateResource.read.54.tlog
D:\005_Log\02C_Week45\002_KC-2_HOST\trunk\Kvaser_Lin\Kvaser_Lin\Debug\GenerateResource.read.58.tlog
D:\005_Log\02C_Week45\002_KC-2_HOST\trunk\Kvaser_Lin\Kvaser_Lin\Debug\GenerateResource.read.62.tlog
D:\005_Log\02C_Week45\002_KC-2_HOST\trunk\Kvaser_Lin\Kvaser_Lin\Debug\GenerateResource.read.7.tlog
D:\005_Log\02C_Week45\002_KC-2_HOST\trunk\Kvaser_Lin\Kvaser_Lin\Debug\GenerateResource.read.71.tlog
D:\005_Log\02C_Week45\002_KC-2_HOST\trunk\Kvaser_Lin\Kvaser_Lin\Debug\GenerateResource.read.80.tlog
D:\005_Log\02C_Week45\002_KC-2_HOST\trunk\Kvaser_Lin\Kvaser_Lin\Debug\GenerateResource.read.86.tlog
D:\005_Log\02C_Week45\002_KC-2_HOST\trunk\Kvaser_Lin\Kvaser_Lin\Debug\GenerateResource.read.9.tlog
D:\005_Log\02C_Week45\002_KC-2_HOST\trunk\Kvaser_Lin\Kvaser_Lin\Debug\GenerateResource.read.93.tlog
D:\005_Log\02C_Week45\002_KC-2_HOST\trunk\Kvaser_Lin\Kvaser_Lin\Debug\GenerateResource.read.98.tlog
D:\005_Log\02C_Week45\002_KC-2_HOST\trunk\Kvaser_Lin\Kvaser_Lin\Debug\GenerateResource.write.1.tlog
D:\005_Log\02C_Week45\002_KC-2_HOST\trunk\Kvaser_Lin\Kvaser_Lin\Debug\GenerateResource.write.106.tlog
D:\005_Log\02C_Week45\002_KC-2_HOST\trunk\Kvaser_Lin\Kvaser_Lin\Debug\GenerateResource.write.123.tlog
D:\005_Log\02C_Week45\002_KC-2_HOST\trunk\Kvaser_Lin\Kvaser_Lin\Debug\GenerateResource.write.125.tlog
D:\005_Log\02C_Week45\002_KC-2_HOST\trunk\Kvaser_Lin\Kvaser_Lin\Debug\GenerateResource.write.128.tlog
D:\005_Log\02C_Week45\002_KC-2_HOST\trunk\Kvaser_Lin\Kvaser_Lin\Debug\GenerateResource.write.13.tlog
D:\005_Log\02C_Week45\002_KC-2_HOST\trunk\Kvaser_Lin\Kvaser_Lin\Debug\GenerateResource.write.134.tlog
D:\005_Log\02C_Week45\002_KC-2_HOST\trunk\Kvaser_Lin\Kvaser_Lin\Debug\GenerateResource.write.137.tlog
D:\005_Log\02C_Week45\002_KC-2_HOST\trunk\Kvaser_Lin\Kvaser_Lin\Debug\GenerateResource.write.14.tlog
D:\005_Log\02C_Week45\002_KC-2_HOST\trunk\Kvaser_Lin\Kvaser_Lin\Debug\GenerateResource.write.143.tlog
D:\005_Log\02C_Week45\002_KC-2_HOST\trunk\Kvaser_Lin\Kvaser_Lin\Debug\GenerateResource.write.150.tlog
D:\005_Log\02C_Week45\002_KC-2_HOST\trunk\Kvaser_Lin\Kvaser_Lin\Debug\GenerateResource.write.155.tlog
D:\005_Log\02C_Week45\002_KC-2_HOST\trunk\Kvaser_Lin\Kvaser_Lin\Debug\GenerateResource.write.174.tlog
D:\005_Log\02C_Week45\002_KC-2_HOST\trunk\Kvaser_Lin\Kvaser_Lin\Debug\GenerateResource.write.28.tlog
D:\005_Log\02C_Week45\002_KC-2_HOST\trunk\Kvaser_Lin\Kvaser_Lin\Debug\GenerateResource.write.38.tlog
D:\005_Log\02C_Week45\002_KC-2_HOST\trunk\Kvaser_Lin\Kvaser_Lin\Debug\GenerateResource.write.54.tlog
D:\005_Log\02C_Week45\002_KC-2_HOST\trunk\Kvaser_Lin\Kvaser_Lin\Debug\GenerateResource.write.58.tlog
D:\005_Log\02C_Week45\002_KC-2_HOST\trunk\Kvaser_Lin\Kvaser_Lin\Debug\GenerateResource.write.62.tlog
D:\005_Log\02C_Week45\002_KC-2_HOST\trunk\Kvaser_Lin\Kvaser_Lin\Debug\GenerateResource.write.7.tlog
D:\005_Log\02C_Week45\002_KC-2_HOST\trunk\Kvaser_Lin\Kvaser_Lin\Debug\GenerateResource.write.71.tlog
D:\005_Log\02C_Week45\002_KC-2_HOST\trunk\Kvaser_Lin\Kvaser_Lin\Debug\GenerateResource.write.80.tlog
D:\005_Log\02C_Week45\002_KC-2_HOST\trunk\Kvaser_Lin\Kvaser_Lin\Debug\GenerateResource.write.86.tlog
D:\005_Log\02C_Week45\002_KC-2_HOST\trunk\Kvaser_Lin\Kvaser_Lin\Debug\GenerateResource.write.9.tlog
D:\005_Log\02C_Week45\002_KC-2_HOST\trunk\Kvaser_Lin\Kvaser_Lin\Debug\GenerateResource.write.93.tlog
D:\005_Log\02C_Week45\002_KC-2_HOST\trunk\Kvaser_Lin\Kvaser_Lin\Debug\GenerateResource.write.98.tlog
D:\005_Log\02C_Week45\002_KC-2_HOST\trunk\Kvaser_Lin\Kvaser_Lin\Debug\Kvaser_Lin.exe.intermediate.manifest
D:\005_Log\02C_Week45\002_KC-2_HOST\trunk\Kvaser_Lin\Kvaser_Lin\Debug\Kvaser_Lin.Form1.resources
D:\005_Log\02C_Week45\002_KC-2_HOST\trunk\Kvaser_Lin\Kvaser_Lin\Debug\Kvaser_Lin.obj
D:\005_Log\02C_Week45\002_KC-2_HOST\trunk\Kvaser_Lin\Kvaser_Lin\Debug\Kvaser_Lin.pch
D:\005_Log\02C_Week45\002_KC-2_HOST\trunk\Kvaser_Lin\Kvaser_Lin\Debug\Kvaser_Lin.vcxproj.GenerateResource.Cache
D:\005_Log\02C_Week45\002_KC-2_HOST\trunk\Kvaser_Lin\Kvaser_Lin\Debug\Kvaser_Lin.vcxprojResolveAssemblyReference.cache
D:\005_Log\02C_Week45\002_KC-2_HOST\trunk\Kvaser_Lin\Kvaser_Lin\Debug\Kvaser_Lin.write.1.tlog
D:\005_Log\02C_Week45\002_KC-2_HOST\trunk\Kvaser_Lin\Kvaser_Lin\Debug\link.1000.read.1.tlog
D:\005_Log\02C_Week45\002_KC-2_HOST\trunk\Kvaser_Lin\Kvaser_Lin\Debug\link.1000.write.1.tlog
D:\005_Log\02C_Week45\002_KC-2_HOST\trunk\Kvaser_Lin\Kvaser_Lin\Debug\link.1000-cvtres.read.1.tlog
D:\005_Log\02C_Week45\002_KC-2_HOST\trunk\Kvaser_Lin\Kvaser_Lin\Debug\link.1000-cvtres.write.1.tlog
D:\005_Log\02C_Week45\002_KC-2_HOST\trunk\Kvaser_Lin\Kvaser_Lin\Debug\link.10032.read.1.tlog
D:\005_Log\02C_Week45\002_KC-2_HOST\trunk\Kvaser_Lin\Kvaser_Lin\Debug\link.10032.write.1.tlog
D:\005_Log\02C_Week45\002_KC-2_HOST\trunk\Kvaser_Lin\Kvaser_Lin\Debug\link.10032-cvtres.read.1.tlog
D:\005_Log\02C_Week45\002_KC-2_HOST\trunk\Kvaser_Lin\Kvaser_Lin\Debug\link.10032-cvtres.write.1.tlog
D:\005_Log\02C_Week45\002_KC-2_HOST\trunk\Kvaser_Lin\Kvaser_Lin\Debug\link.10100.read.1.tlog
D:\005_Log\02C_Week45\002_KC-2_HOST\trunk\Kvaser_Lin\Kvaser_Lin\Debug\link.10100.write.1.tlog
D:\005_Log\02C_Week45\002_KC-2_HOST\trunk\Kvaser_Lin\Kvaser_Lin\Debug\link.10100-cvtres.read.1.tlog
D:\005_Log\02C_Week45\002_KC-2_HOST\trunk\Kvaser_Lin\Kvaser_Lin\Debug\link.10100-cvtres.write.1.tlog
D:\005_Log\02C_Week45\002_KC-2_HOST\trunk\Kvaser_Lin\Kvaser_Lin\Debug\link.10260.read.1.tlog
D:\005_Log\02C_Week45\002_KC-2_HOST\trunk\Kvaser_Lin\Kvaser_Lin\Debug\link.10260.write.1.tlog
D:\005_Log\02C_Week45\002_KC-2_HOST\trunk\Kvaser_Lin\Kvaser_Lin\Debug\link.10260-cvtres.read.1.tlog
D:\005_Log\02C_Week45\002_KC-2_HOST\trunk\Kvaser_Lin\Kvaser_Lin\Debug\link.10260-cvtres.write.1.tlog
D:\005_Log\02C_Week45\002_KC-2_HOST\trunk\Kvaser_Lin\Kvaser_Lin\Debug\link.10364.read.1.tlog
D:\005_Log\02C_Week45\002_KC-2_HOST\trunk\Kvaser_Lin\Kvaser_Lin\Debug\link.10364.write.1.tlog
D:\005_Log\02C_Week45\002_KC-2_HOST\trunk\Kvaser_Lin\Kvaser_Lin\Debug\link.10364-cvtres.read.1.tlog
D:\005_Log\02C_Week45\002_KC-2_HOST\trunk\Kvaser_Lin\Kvaser_Lin\Debug\link.10364-cvtres.write.1.tlog
D:\005_Log\02C_Week45\002_KC-2_HOST\trunk\Kvaser_Lin\Kvaser_Lin\Debug\link.1040.read.1.tlog
D:\005_Log\02C_Week45\002_KC-2_HOST\trunk\Kvaser_Lin\Kvaser_Lin\Debug\link.1040.write.1.tlog
D:\005_Log\02C_Week45\002_KC-2_HOST\trunk\Kvaser_Lin\Kvaser_Lin\Debug\link.10400.read.1.tlog
D:\005_Log\02C_Week45\002_KC-2_HOST\trunk\Kvaser_Lin\Kvaser_Lin\Debug\link.10400.write.1.tlog
D:\005_Log\02C_Week45\002_KC-2_HOST\trunk\Kvaser_Lin\Kvaser_Lin\Debug\link.10400-cvtres.read.1.tlog
D:\005_Log\02C_Week45\002_KC-2_HOST\trunk\Kvaser_Lin\Kvaser_Lin\Debug\link.10400-cvtres.write.1.tlog
D:\005_Log\02C_Week45\002_KC-2_HOST\trunk\Kvaser_Lin\Kvaser_Lin\Debug\link.1040-cvtres.read.1.tlog
D:\005_Log\02C_Week45\002_KC-2_HOST\trunk\Kvaser_Lin\Kvaser_Lin\Debug\link.1040-cvtres.write.1.tlog
D:\005_Log\02C_Week45\002_KC-2_HOST\trunk\Kvaser_Lin\Kvaser_Lin\Debug\link.10424.read.1.tlog
D:\005_Log\02C_Week45\002_KC-2_HOST\trunk\Kvaser_Lin\Kvaser_Lin\Debug\link.10424.write.1.tlog
D:\005_Log\02C_Week45\002_KC-2_HOST\trunk\Kvaser_Lin\Kvaser_Lin\Debug\link.10424-cvtres.read.1.tlog
D:\005_Log\02C_Week45\002_KC-2_HOST\trunk\Kvaser_Lin\Kvaser_Lin\Debug\link.10424-cvtres.write.1.tlog
D:\005_Log\02C_Week45\002_KC-2_HOST\trunk\Kvaser_Lin\Kvaser_Lin\Debug\link.10632.read.1.tlog
D:\005_Log\02C_Week45\002_KC-2_HOST\trunk\Kvaser_Lin\Kvaser_Lin\Debug\link.10632.write.1.tlog
D:\005_Log\02C_Week45\002_KC-2_HOST\trunk\Kvaser_Lin\Kvaser_Lin\Debug\link.10632-cvtres.read.1.tlog
D:\005_Log\02C_Week45\002_KC-2_HOST\trunk\Kvaser_Lin\Kvaser_Lin\Debug\link.10632-cvtres.write.1.tlog
D:\005_Log\02C_Week45\002_KC-2_HOST\trunk\Kvaser_Lin\Kvaser_Lin\Debug\link.10668.read.1.tlog
D:\005_Log\02C_Week45\002_KC-2_HOST\trunk\Kvaser_Lin\Kvaser_Lin\Debug\link.10668.write.1.tlog
D:\005_Log\02C_Week45\002_KC-2_HOST\trunk\Kvaser_Lin\Kvaser_Lin\Debug\link.10668-cvtres.read.1.tlog
D:\005_Log\02C_Week45\002_KC-2_HOST\trunk\Kvaser_Lin\Kvaser_Lin\Debug\link.10668-cvtres.write.1.tlog
D:\005_Log\02C_Week45\002_KC-2_HOST\trunk\Kvaser_Lin\Kvaser_Lin\Debug\link.1080.read.1.tlog
D:\005_Log\02C_Week45\002_KC-2_HOST\trunk\Kvaser_Lin\Kvaser_Lin\Debug\link.1080.write.1.tlog
D:\005_Log\02C_Week45\002_KC-2_HOST\trunk\Kvaser_Lin\Kvaser_Lin\Debug\link.1080-cvtres.read.1.tlog
D:\005_Log\02C_Week45\002_KC-2_HOST\trunk\Kvaser_Lin\Kvaser_Lin\Debug\link.1080-cvtres.write.1.tlog
D:\005_Log\02C_Week45\002_KC-2_HOST\trunk\Kvaser_Lin\Kvaser_Lin\Debug\link.10876.read.1.tlog
D:\005_Log\02C_Week45\002_KC-2_HOST\trunk\Kvaser_Lin\Kvaser_Lin\Debug\link.10876.write.1.tlog
D:\005_Log\02C_Week45\002_KC-2_HOST\trunk\Kvaser_Lin\Kvaser_Lin\Debug\link.10876-cvtres.read.1.tlog
D:\005_Log\02C_Week45\002_KC-2_HOST\trunk\Kvaser_Lin\Kvaser_Lin\Debug\link.10876-cvtres.write.1.tlog
D:\005_Log\02C_Week45\002_KC-2_HOST\trunk\Kvaser_Lin\Kvaser_Lin\Debug\link.1092.read.1.tlog
D:\005_Log\02C_Week45\002_KC-2_HOST\trunk\Kvaser_Lin\Kvaser_Lin\Debug\link.1092.write.1.tlog
D:\005_Log\02C_Week45\002_KC-2_HOST\trunk\Kvaser_Lin\Kvaser_Lin\Debug\link.1092-cvtres.read.1.tlog
D:\005_Log\02C_Week45\002_KC-2_HOST\trunk\Kvaser_Lin\Kvaser_Lin\Debug\link.1092-cvtres.write.1.tlog
D:\005_Log\02C_Week45\002_KC-2_HOST\trunk\Kvaser_Lin\Kvaser_Lin\Debug\link.10996.read.1.tlog
D:\005_Log\02C_Week45\002_KC-2_HOST\trunk\Kvaser_Lin\Kvaser_Lin\Debug\link.10996.write.1.tlog
D:\005_Log\02C_Week45\002_KC-2_HOST\trunk\Kvaser_Lin\Kvaser_Lin\Debug\link.10996-cvtres.read.1.tlog
D:\005_Log\02C_Week45\002_KC-2_HOST\trunk\Kvaser_Lin\Kvaser_Lin\Debug\link.10996-cvtres.write.1.tlog
D:\005_Log\02C_Week45\002_KC-2_HOST\trunk\Kvaser_Lin\Kvaser_Lin\Debug\link.11008.read.1.tlog
D:\005_Log\02C_Week45\002_KC-2_HOST\trunk\Kvaser_Lin\Kvaser_Lin\Debug\link.11008.write.1.tlog
D:\005_Log\02C_Week45\002_KC-2_HOST\trunk\Kvaser_Lin\Kvaser_Lin\Debug\link.11008-cvtres.read.1.tlog
D:\005_Log\02C_Week45\002_KC-2_HOST\trunk\Kvaser_Lin\Kvaser_Lin\Debug\link.11008-cvtres.write.1.tlog
D:\005_Log\02C_Week45\002_KC-2_HOST\trunk\Kvaser_Lin\Kvaser_Lin\Debug\link.11012.read.1.tlog
D:\005_Log\02C_Week45\002_KC-2_HOST\trunk\Kvaser_Lin\Kvaser_Lin\Debug\link.11012.write.1.tlog
D:\005_Log\02C_Week45\002_KC-2_HOST\trunk\Kvaser_Lin\Kvaser_Lin\Debug\link.11012-cvtres.read.1.tlog
D:\005_Log\02C_Week45\002_KC-2_HOST\trunk\Kvaser_Lin\Kvaser_Lin\Debug\link.11012-cvtres.write.1.tlog
D:\005_Log\02C_Week45\002_KC-2_HOST\trunk\Kvaser_Lin\Kvaser_Lin\Debug\link.11032.read.1.tlog
D:\005_Log\02C_Week45\002_KC-2_HOST\trunk\Kvaser_Lin\Kvaser_Lin\Debug\link.11032.write.1.tlog
D:\005_Log\02C_Week45\002_KC-2_HOST\trunk\Kvaser_Lin\Kvaser_Lin\Debug\link.11032-cvtres.read.1.tlog
D:\005_Log\02C_Week45\002_KC-2_HOST\trunk\Kvaser_Lin\Kvaser_Lin\Debug\link.11032-cvtres.write.1.tlog
D:\005_Log\02C_Week45\002_KC-2_HOST\trunk\Kvaser_Lin\Kvaser_Lin\Debug\link.11172.read.1.tlog
D:\005_Log\02C_Week45\002_KC-2_HOST\trunk\Kvaser_Lin\Kvaser_Lin\Debug\link.11172.write.1.tlog
D:\005_Log\02C_Week45\002_KC-2_HOST\trunk\Kvaser_Lin\Kvaser_Lin\Debug\link.11172-cvtres.read.1.tlog
D:\005_Log\02C_Week45\002_KC-2_HOST\trunk\Kvaser_Lin\Kvaser_Lin\Debug\link.11172-cvtres.write.1.tlog
D:\005_Log\02C_Week45\002_KC-2_HOST\trunk\Kvaser_Lin\Kvaser_Lin\Debug\link.11232.read.1.tlog
D:\005_Log\02C_Week45\002_KC-2_HOST\trunk\Kvaser_Lin\Kvaser_Lin\Debug\link.11232.write.1.tlog
D:\005_Log\02C_Week45\002_KC-2_HOST\trunk\Kvaser_Lin\Kvaser_Lin\Debug\link.11232-cvtres.read.1.tlog
D:\005_Log\02C_Week45\002_KC-2_HOST\trunk\Kvaser_Lin\Kvaser_Lin\Debug\link.11232-cvtres.write.1.tlog
D:\005_Log\02C_Week45\002_KC-2_HOST\trunk\Kvaser_Lin\Kvaser_Lin\Debug\link.1452.read.1.tlog
D:\005_Log\02C_Week45\002_KC-2_HOST\trunk\Kvaser_Lin\Kvaser_Lin\Debug\link.1452.write.1.tlog
D:\005_Log\02C_Week45\002_KC-2_HOST\trunk\Kvaser_Lin\Kvaser_Lin\Debug\link.1452-cvtres.read.1.tlog
D:\005_Log\02C_Week45\002_KC-2_HOST\trunk\Kvaser_Lin\Kvaser_Lin\Debug\link.1452-cvtres.write.1.tlog
D:\005_Log\02C_Week45\002_KC-2_HOST\trunk\Kvaser_Lin\Kvaser_Lin\Debug\link.1648.read.1.tlog
D:\005_Log\02C_Week45\002_KC-2_HOST\trunk\Kvaser_Lin\Kvaser_Lin\Debug\link.1648.write.1.tlog
D:\005_Log\02C_Week45\002_KC-2_HOST\trunk\Kvaser_Lin\Kvaser_Lin\Debug\link.1648-cvtres.read.1.tlog
D:\005_Log\02C_Week45\002_KC-2_HOST\trunk\Kvaser_Lin\Kvaser_Lin\Debug\link.1648-cvtres.write.1.tlog
D:\005_Log\02C_Week45\002_KC-2_HOST\trunk\Kvaser_Lin\Kvaser_Lin\Debug\link.1768.read.1.tlog
D:\005_Log\02C_Week45\002_KC-2_HOST\trunk\Kvaser_Lin\Kvaser_Lin\Debug\link.1768.write.1.tlog
D:\005_Log\02C_Week45\002_KC-2_HOST\trunk\Kvaser_Lin\Kvaser_Lin\Debug\link.1768-cvtres.read.1.tlog
D:\005_Log\02C_Week45\002_KC-2_HOST\trunk\Kvaser_Lin\Kvaser_Lin\Debug\link.1768-cvtres.write.1.tlog
D:\005_Log\02C_Week45\002_KC-2_HOST\trunk\Kvaser_Lin\Kvaser_Lin\Debug\link.1776.read.1.tlog
D:\005_Log\02C_Week45\002_KC-2_HOST\trunk\Kvaser_Lin\Kvaser_Lin\Debug\link.1776.write.1.tlog
D:\005_Log\02C_Week45\002_KC-2_HOST\trunk\Kvaser_Lin\Kvaser_Lin\Debug\link.1776-cvtres.read.1.tlog
D:\005_Log\02C_Week45\002_KC-2_HOST\trunk\Kvaser_Lin\Kvaser_Lin\Debug\link.1776-cvtres.write.1.tlog
D:\005_Log\02C_Week45\002_KC-2_HOST\trunk\Kvaser_Lin\Kvaser_Lin\Debug\link.2148.read.1.tlog
D:\005_Log\02C_Week45\002_KC-2_HOST\trunk\Kvaser_Lin\Kvaser_Lin\Debug\link.2148.write.1.tlog
D:\005_Log\02C_Week45\002_KC-2_HOST\trunk\Kvaser_Lin\Kvaser_Lin\Debug\link.2148-cvtres.read.1.tlog
D:\005_Log\02C_Week45\002_KC-2_HOST\trunk\Kvaser_Lin\Kvaser_Lin\Debug\link.2148-cvtres.write.1.tlog
D:\005_Log\02C_Week45\002_KC-2_HOST\trunk\Kvaser_Lin\Kvaser_Lin\Debug\link.2256.read.1.tlog
D:\005_Log\02C_Week45\002_KC-2_HOST\trunk\Kvaser_Lin\Kvaser_Lin\Debug\link.2256.write.1.tlog
D:\005_Log\02C_Week45\002_KC-2_HOST\trunk\Kvaser_Lin\Kvaser_Lin\Debug\link.2256-cvtres.read.1.tlog
D:\005_Log\02C_Week45\002_KC-2_HOST\trunk\Kvaser_Lin\Kvaser_Lin\Debug\link.2256-cvtres.write.1.tlog
D:\005_Log\02C_Week45\002_KC-2_HOST\trunk\Kvaser_Lin\Kvaser_Lin\Debug\link.2452.read.1.tlog
D:\005_Log\02C_Week45\002_KC-2_HOST\trunk\Kvaser_Lin\Kvaser_Lin\Debug\link.2452.write.1.tlog
D:\005_Log\02C_Week45\002_KC-2_HOST\trunk\Kvaser_Lin\Kvaser_Lin\Debug\link.2452-cvtres.read.1.tlog
D:\005_Log\02C_Week45\002_KC-2_HOST\trunk\Kvaser_Lin\Kvaser_Lin\Debug\link.2452-cvtres.write.1.tlog
D:\005_Log\02C_Week45\002_KC-2_HOST\trunk\Kvaser_Lin\Kvaser_Lin\Debug\link.2692.read.1.tlog
D:\005_Log\02C_Week45\002_KC-2_HOST\trunk\Kvaser_Lin\Kvaser_Lin\Debug\link.2692.write.1.tlog
D:\005_Log\02C_Week45\002_KC-2_HOST\trunk\Kvaser_Lin\Kvaser_Lin\Debug\link.2692-cvtres.read.1.tlog
D:\005_Log\02C_Week45\002_KC-2_HOST\trunk\Kvaser_Lin\Kvaser_Lin\Debug\link.2692-cvtres.write.1.tlog
D:\005_Log\02C_Week45\002_KC-2_HOST\trunk\Kvaser_Lin\Kvaser_Lin\Debug\link.2704.read.1.tlog
D:\005_Log\02C_Week45\002_KC-2_HOST\trunk\Kvaser_Lin\Kvaser_Lin\Debug\link.2704.write.1.tlog
D:\005_Log\02C_Week45\002_KC-2_HOST\trunk\Kvaser_Lin\Kvaser_Lin\Debug\link.2704-cvtres.read.1.tlog
D:\005_Log\02C_Week45\002_KC-2_HOST\trunk\Kvaser_Lin\Kvaser_Lin\Debug\link.2704-cvtres.write.1.tlog
D:\005_Log\02C_Week45\002_KC-2_HOST\trunk\Kvaser_Lin\Kvaser_Lin\Debug\link.3416.read.1.tlog
D:\005_Log\02C_Week45\002_KC-2_HOST\trunk\Kvaser_Lin\Kvaser_Lin\Debug\link.3416.write.1.tlog
D:\005_Log\02C_Week45\002_KC-2_HOST\trunk\Kvaser_Lin\Kvaser_Lin\Debug\link.3416-cvtres.read.1.tlog
D:\005_Log\02C_Week45\002_KC-2_HOST\trunk\Kvaser_Lin\Kvaser_Lin\Debug\link.3416-cvtres.write.1.tlog
D:\005_Log\02C_Week45\002_KC-2_HOST\trunk\Kvaser_Lin\Kvaser_Lin\Debug\link.3488.read.1.tlog
D:\005_Log\02C_Week45\002_KC-2_HOST\trunk\Kvaser_Lin\Kvaser_Lin\Debug\link.3488.write.1.tlog
D:\005_Log\02C_Week45\002_KC-2_HOST\trunk\Kvaser_Lin\Kvaser_Lin\Debug\link.3488-cvtres.read.1.tlog
D:\005_Log\02C_Week45\002_KC-2_HOST\trunk\Kvaser_Lin\Kvaser_Lin\Debug\link.3488-cvtres.write.1.tlog
D:\005_Log\02C_Week45\002_KC-2_HOST\trunk\Kvaser_Lin\Kvaser_Lin\Debug\link.3496.read.1.tlog
D:\005_Log\02C_Week45\002_KC-2_HOST\trunk\Kvaser_Lin\Kvaser_Lin\Debug\link.3496.write.1.tlog
D:\005_Log\02C_Week45\002_KC-2_HOST\trunk\Kvaser_Lin\Kvaser_Lin\Debug\link.3496-cvtres.read.1.tlog
D:\005_Log\02C_Week45\002_KC-2_HOST\trunk\Kvaser_Lin\Kvaser_Lin\Debug\link.3496-cvtres.write.1.tlog
D:\005_Log\02C_Week45\002_KC-2_HOST\trunk\Kvaser_Lin\Kvaser_Lin\Debug\link.3680.read.1.tlog
D:\005_Log\02C_Week45\002_KC-2_HOST\trunk\Kvaser_Lin\Kvaser_Lin\Debug\link.3680.write.1.tlog
D:\005_Log\02C_Week45\002_KC-2_HOST\trunk\Kvaser_Lin\Kvaser_Lin\Debug\link.3680-cvtres.read.1.tlog
D:\005_Log\02C_Week45\002_KC-2_HOST\trunk\Kvaser_Lin\Kvaser_Lin\Debug\link.3680-cvtres.write.1.tlog
D:\005_Log\02C_Week45\002_KC-2_HOST\trunk\Kvaser_Lin\Kvaser_Lin\Debug\link.3836.read.1.tlog
D:\005_Log\02C_Week45\002_KC-2_HOST\trunk\Kvaser_Lin\Kvaser_Lin\Debug\link.3836.write.1.tlog
D:\005_Log\02C_Week45\002_KC-2_HOST\trunk\Kvaser_Lin\Kvaser_Lin\Debug\link.3836-cvtres.read.1.tlog
D:\005_Log\02C_Week45\002_KC-2_HOST\trunk\Kvaser_Lin\Kvaser_Lin\Debug\link.3836-cvtres.write.1.tlog
D:\005_Log\02C_Week45\002_KC-2_HOST\trunk\Kvaser_Lin\Kvaser_Lin\Debug\link.4152.read.1.tlog
D:\005_Log\02C_Week45\002_KC-2_HOST\trunk\Kvaser_Lin\Kvaser_Lin\Debug\link.4152.write.1.tlog
D:\005_Log\02C_Week45\002_KC-2_HOST\trunk\Kvaser_Lin\Kvaser_Lin\Debug\link.4152-cvtres.read.1.tlog
D:\005_Log\02C_Week45\002_KC-2_HOST\trunk\Kvaser_Lin\Kvaser_Lin\Debug\link.4152-cvtres.write.1.tlog
D:\005_Log\02C_Week45\002_KC-2_HOST\trunk\Kvaser_Lin\Kvaser_Lin\Debug\link.4464.read.1.tlog
D:\005_Log\02C_Week45\002_KC-2_HOST\trunk\Kvaser_Lin\Kvaser_Lin\Debug\link.4464.write.1.tlog
D:\005_Log\02C_Week45\002_KC-2_HOST\trunk\Kvaser_Lin\Kvaser_Lin\Debug\link.4464-cvtres.read.1.tlog
D:\005_Log\02C_Week45\002_KC-2_HOST\trunk\Kvaser_Lin\Kvaser_Lin\Debug\link.4464-cvtres.write.1.tlog
D:\005_Log\02C_Week45\002_KC-2_HOST\trunk\Kvaser_Lin\Kvaser_Lin\Debug\link.4496.read.1.tlog
D:\005_Log\02C_Week45\002_KC-2_HOST\trunk\Kvaser_Lin\Kvaser_Lin\Debug\link.4496.write.1.tlog
D:\005_Log\02C_Week45\002_KC-2_HOST\trunk\Kvaser_Lin\Kvaser_Lin\Debug\link.4496-cvtres.read.1.tlog
D:\005_Log\02C_Week45\002_KC-2_HOST\trunk\Kvaser_Lin\Kvaser_Lin\Debug\link.4496-cvtres.write.1.tlog
D:\005_Log\02C_Week45\002_KC-2_HOST\trunk\Kvaser_Lin\Kvaser_Lin\Debug\link.4508.read.1.tlog
D:\005_Log\02C_Week45\002_KC-2_HOST\trunk\Kvaser_Lin\Kvaser_Lin\Debug\link.4508.write.1.tlog
D:\005_Log\02C_Week45\002_KC-2_HOST\trunk\Kvaser_Lin\Kvaser_Lin\Debug\link.4508-cvtres.read.1.tlog
D:\005_Log\02C_Week45\002_KC-2_HOST\trunk\Kvaser_Lin\Kvaser_Lin\Debug\link.4508-cvtres.write.1.tlog
D:\005_Log\02C_Week45\002_KC-2_HOST\trunk\Kvaser_Lin\Kvaser_Lin\Debug\link.4568.read.1.tlog
D:\005_Log\02C_Week45\002_KC-2_HOST\trunk\Kvaser_Lin\Kvaser_Lin\Debug\link.4568.write.1.tlog
D:\005_Log\02C_Week45\002_KC-2_HOST\trunk\Kvaser_Lin\Kvaser_Lin\Debug\link.4568-cvtres.read.1.tlog
D:\005_Log\02C_Week45\002_KC-2_HOST\trunk\Kvaser_Lin\Kvaser_Lin\Debug\link.4568-cvtres.write.1.tlog
D:\005_Log\02C_Week45\002_KC-2_HOST\trunk\Kvaser_Lin\Kvaser_Lin\Debug\link.4588.read.1.tlog
D:\005_Log\02C_Week45\002_KC-2_HOST\trunk\Kvaser_Lin\Kvaser_Lin\Debug\link.4588.write.1.tlog
D:\005_Log\02C_Week45\002_KC-2_HOST\trunk\Kvaser_Lin\Kvaser_Lin\Debug\link.4588-cvtres.read.1.tlog
D:\005_Log\02C_Week45\002_KC-2_HOST\trunk\Kvaser_Lin\Kvaser_Lin\Debug\link.4588-cvtres.write.1.tlog
D:\005_Log\02C_Week45\002_KC-2_HOST\trunk\Kvaser_Lin\Kvaser_Lin\Debug\link.4608.read.1.tlog
D:\005_Log\02C_Week45\002_KC-2_HOST\trunk\Kvaser_Lin\Kvaser_Lin\Debug\link.4608.write.1.tlog
D:\005_Log\02C_Week45\002_KC-2_HOST\trunk\Kvaser_Lin\Kvaser_Lin\Debug\link.4608-cvtres.read.1.tlog
D:\005_Log\02C_Week45\002_KC-2_HOST\trunk\Kvaser_Lin\Kvaser_Lin\Debug\link.4608-cvtres.write.1.tlog
D:\005_Log\02C_Week45\002_KC-2_HOST\trunk\Kvaser_Lin\Kvaser_Lin\Debug\link.4664.read.1.tlog
D:\005_Log\02C_Week45\002_KC-2_HOST\trunk\Kvaser_Lin\Kvaser_Lin\Debug\link.4664.write.1.tlog
D:\005_Log\02C_Week45\002_KC-2_HOST\trunk\Kvaser_Lin\Kvaser_Lin\Debug\link.4664-cvtres.read.1.tlog
D:\005_Log\02C_Week45\002_KC-2_HOST\trunk\Kvaser_Lin\Kvaser_Lin\Debug\link.4664-cvtres.write.1.tlog
D:\005_Log\02C_Week45\002_KC-2_HOST\trunk\Kvaser_Lin\Kvaser_Lin\Debug\link.4692.read.1.tlog
D:\005_Log\02C_Week45\002_KC-2_HOST\trunk\Kvaser_Lin\Kvaser_Lin\Debug\link.4692.write.1.tlog
D:\005_Log\02C_Week45\002_KC-2_HOST\trunk\Kvaser_Lin\Kvaser_Lin\Debug\link.4692-cvtres.read.1.tlog
D:\005_Log\02C_Week45\002_KC-2_HOST\trunk\Kvaser_Lin\Kvaser_Lin\Debug\link.4692-cvtres.write.1.tlog
D:\005_Log\02C_Week45\002_KC-2_HOST\trunk\Kvaser_Lin\Kvaser_Lin\Debug\link.4728.read.1.tlog
D:\005_Log\02C_Week45\002_KC-2_HOST\trunk\Kvaser_Lin\Kvaser_Lin\Debug\link.4728.write.1.tlog
D:\005_Log\02C_Week45\002_KC-2_HOST\trunk\Kvaser_Lin\Kvaser_Lin\Debug\link.4728-cvtres.read.1.tlog
D:\005_Log\02C_Week45\002_KC-2_HOST\trunk\Kvaser_Lin\Kvaser_Lin\Debug\link.4728-cvtres.write.1.tlog
D:\005_Log\02C_Week45\002_KC-2_HOST\trunk\Kvaser_Lin\Kvaser_Lin\Debug\link.4904.read.1.tlog
D:\005_Log\02C_Week45\002_KC-2_HOST\trunk\Kvaser_Lin\Kvaser_Lin\Debug\link.4904.write.1.tlog
D:\005_Log\02C_Week45\002_KC-2_HOST\trunk\Kvaser_Lin\Kvaser_Lin\Debug\link.4904-cvtres.read.1.tlog
D:\005_Log\02C_Week45\002_KC-2_HOST\trunk\Kvaser_Lin\Kvaser_Lin\Debug\link.4904-cvtres.write.1.tlog
D:\005_Log\02C_Week45\002_KC-2_HOST\trunk\Kvaser_Lin\Kvaser_Lin\Debug\link.5180.read.1.tlog
D:\005_Log\02C_Week45\002_KC-2_HOST\trunk\Kvaser_Lin\Kvaser_Lin\Debug\link.5180.write.1.tlog
D:\005_Log\02C_Week45\002_KC-2_HOST\trunk\Kvaser_Lin\Kvaser_Lin\Debug\link.5180-cvtres.read.1.tlog
D:\005_Log\02C_Week45\002_KC-2_HOST\trunk\Kvaser_Lin\Kvaser_Lin\Debug\link.5180-cvtres.write.1.tlog
D:\005_Log\02C_Week45\002_KC-2_HOST\trunk\Kvaser_Lin\Kvaser_Lin\Debug\link.5388.read.1.tlog
D:\005_Log\02C_Week45\002_KC-2_HOST\trunk\Kvaser_Lin\Kvaser_Lin\Debug\link.5388.write.1.tlog
D:\005_Log\02C_Week45\002_KC-2_HOST\trunk\Kvaser_Lin\Kvaser_Lin\Debug\link.5388-cvtres.read.1.tlog
D:\005_Log\02C_Week45\002_KC-2_HOST\trunk\Kvaser_Lin\Kvaser_Lin\Debug\link.5388-cvtres.write.1.tlog
D:\005_Log\02C_Week45\002_KC-2_HOST\trunk\Kvaser_Lin\Kvaser_Lin\Debug\link.5396.read.1.tlog
D:\005_Log\02C_Week45\002_KC-2_HOST\trunk\Kvaser_Lin\Kvaser_Lin\Debug\link.5396.write.1.tlog
D:\005_Log\02C_Week45\002_KC-2_HOST\trunk\Kvaser_Lin\Kvaser_Lin\Debug\link.5396-cvtres.read.1.tlog
D:\005_Log\02C_Week45\002_KC-2_HOST\trunk\Kvaser_Lin\Kvaser_Lin\Debug\link.5396-cvtres.write.1.tlog
D:\005_Log\02C_Week45\002_KC-2_HOST\trunk\Kvaser_Lin\Kvaser_Lin\Debug\link.5452.read.1.tlog
D:\005_Log\02C_Week45\002_KC-2_HOST\trunk\Kvaser_Lin\Kvaser_Lin\Debug\link.5452.write.1.tlog
D:\005_Log\02C_Week45\002_KC-2_HOST\trunk\Kvaser_Lin\Kvaser_Lin\Debug\link.5452-cvtres.read.1.tlog
D:\005_Log\02C_Week45\002_KC-2_HOST\trunk\Kvaser_Lin\Kvaser_Lin\Debug\link.5452-cvtres.write.1.tlog
D:\005_Log\02C_Week45\002_KC-2_HOST\trunk\Kvaser_Lin\Kvaser_Lin\Debug\link.5532.read.1.tlog
D:\005_Log\02C_Week45\002_KC-2_HOST\trunk\Kvaser_Lin\Kvaser_Lin\Debug\link.5532.write.1.tlog
D:\005_Log\02C_Week45\002_KC-2_HOST\trunk\Kvaser_Lin\Kvaser_Lin\Debug\link.5532-cvtres.read.1.tlog
D:\005_Log\02C_Week45\002_KC-2_HOST\trunk\Kvaser_Lin\Kvaser_Lin\Debug\link.5532-cvtres.write.1.tlog
D:\005_Log\02C_Week45\002_KC-2_HOST\trunk\Kvaser_Lin\Kvaser_Lin\Debug\link.5584.read.1.tlog
D:\005_Log\02C_Week45\002_KC-2_HOST\trunk\Kvaser_Lin\Kvaser_Lin\Debug\link.5584.write.1.tlog
D:\005_Log\02C_Week45\002_KC-2_HOST\trunk\Kvaser_Lin\Kvaser_Lin\Debug\link.5584-cvtres.read.1.tlog
D:\005_Log\02C_Week45\002_KC-2_HOST\trunk\Kvaser_Lin\Kvaser_Lin\Debug\link.5584-cvtres.write.1.tlog
D:\005_Log\02C_Week45\002_KC-2_HOST\trunk\Kvaser_Lin\Kvaser_Lin\Debug\link.5844.read.1.tlog
D:\005_Log\02C_Week45\002_KC-2_HOST\trunk\Kvaser_Lin\Kvaser_Lin\Debug\link.5844.write.1.tlog
D:\005_Log\02C_Week45\002_KC-2_HOST\trunk\Kvaser_Lin\Kvaser_Lin\Debug\link.5844-cvtres.read.1.tlog
D:\005_Log\02C_Week45\002_KC-2_HOST\trunk\Kvaser_Lin\Kvaser_Lin\Debug\link.5844-cvtres.write.1.tlog
D:\005_Log\02C_Week45\002_KC-2_HOST\trunk\Kvaser_Lin\Kvaser_Lin\Debug\link.6024.read.1.tlog
D:\005_Log\02C_Week45\002_KC-2_HOST\trunk\Kvaser_Lin\Kvaser_Lin\Debug\link.6024.write.1.tlog
D:\005_Log\02C_Week45\002_KC-2_HOST\trunk\Kvaser_Lin\Kvaser_Lin\Debug\link.6024-cvtres.read.1.tlog
D:\005_Log\02C_Week45\002_KC-2_HOST\trunk\Kvaser_Lin\Kvaser_Lin\Debug\link.6024-cvtres.write.1.tlog
D:\005_Log\02C_Week45\002_KC-2_HOST\trunk\Kvaser_Lin\Kvaser_Lin\Debug\link.6040.read.1.tlog
D:\005_Log\02C_Week45\002_KC-2_HOST\trunk\Kvaser_Lin\Kvaser_Lin\Debug\link.6040.write.1.tlog
D:\005_Log\02C_Week45\002_KC-2_HOST\trunk\Kvaser_Lin\Kvaser_Lin\Debug\link.6040-cvtres.read.1.tlog
D:\005_Log\02C_Week45\002_KC-2_HOST\trunk\Kvaser_Lin\Kvaser_Lin\Debug\link.6040-cvtres.write.1.tlog
D:\005_Log\02C_Week45\002_KC-2_HOST\trunk\Kvaser_Lin\Kvaser_Lin\Debug\link.6212.read.1.tlog
D:\005_Log\02C_Week45\002_KC-2_HOST\trunk\Kvaser_Lin\Kvaser_Lin\Debug\link.6212.write.1.tlog
D:\005_Log\02C_Week45\002_KC-2_HOST\trunk\Kvaser_Lin\Kvaser_Lin\Debug\link.6212-cvtres.read.1.tlog
D:\005_Log\02C_Week45\002_KC-2_HOST\trunk\Kvaser_Lin\Kvaser_Lin\Debug\link.6212-cvtres.write.1.tlog
D:\005_Log\02C_Week45\002_KC-2_HOST\trunk\Kvaser_Lin\Kvaser_Lin\Debug\link.6228.read.1.tlog
D:\005_Log\02C_Week45\002_KC-2_HOST\trunk\Kvaser_Lin\Kvaser_Lin\Debug\link.6228.write.1.tlog
D:\005_Log\02C_Week45\002_KC-2_HOST\trunk\Kvaser_Lin\Kvaser_Lin\Debug\link.6228-cvtres.read.1.tlog
D:\005_Log\02C_Week45\002_KC-2_HOST\trunk\Kvaser_Lin\Kvaser_Lin\Debug\link.6228-cvtres.write.1.tlog
D:\005_Log\02C_Week45\002_KC-2_HOST\trunk\Kvaser_Lin\Kvaser_Lin\Debug\link.6264.read.1.tlog
D:\005_Log\02C_Week45\002_KC-2_HOST\trunk\Kvaser_Lin\Kvaser_Lin\Debug\link.6264.write.1.tlog
D:\005_Log\02C_Week45\002_KC-2_HOST\trunk\Kvaser_Lin\Kvaser_Lin\Debug\link.6264-cvtres.read.1.tlog
D:\005_Log\02C_Week45\002_KC-2_HOST\trunk\Kvaser_Lin\Kvaser_Lin\Debug\link.6264-cvtres.write.1.tlog
D:\005_Log\02C_Week45\002_KC-2_HOST\trunk\Kvaser_Lin\Kvaser_Lin\Debug\link.6464.read.1.tlog
D:\005_Log\02C_Week45\002_KC-2_HOST\trunk\Kvaser_Lin\Kvaser_Lin\Debug\link.6464.write.1.tlog
D:\005_Log\02C_Week45\002_KC-2_HOST\trunk\Kvaser_Lin\Kvaser_Lin\Debug\link.6464-cvtres.read.1.tlog
D:\005_Log\02C_Week45\002_KC-2_HOST\trunk\Kvaser_Lin\Kvaser_Lin\Debug\link.6464-cvtres.write.1.tlog
D:\005_Log\02C_Week45\002_KC-2_HOST\trunk\Kvaser_Lin\Kvaser_Lin\Debug\link.6496.read.1.tlog
D:\005_Log\02C_Week45\002_KC-2_HOST\trunk\Kvaser_Lin\Kvaser_Lin\Debug\link.6496.write.1.tlog
D:\005_Log\02C_Week45\002_KC-2_HOST\trunk\Kvaser_Lin\Kvaser_Lin\Debug\link.6496-cvtres.read.1.tlog
D:\005_Log\02C_Week45\002_KC-2_HOST\trunk\Kvaser_Lin\Kvaser_Lin\Debug\link.6496-cvtres.write.1.tlog
D:\005_Log\02C_Week45\002_KC-2_HOST\trunk\Kvaser_Lin\Kvaser_Lin\Debug\link.6628.read.1.tlog
D:\005_Log\02C_Week45\002_KC-2_HOST\trunk\Kvaser_Lin\Kvaser_Lin\Debug\link.6628.write.1.tlog
D:\005_Log\02C_Week45\002_KC-2_HOST\trunk\Kvaser_Lin\Kvaser_Lin\Debug\link.6628-cvtres.read.1.tlog
D:\005_Log\02C_Week45\002_KC-2_HOST\trunk\Kvaser_Lin\Kvaser_Lin\Debug\link.6628-cvtres.write.1.tlog
D:\005_Log\02C_Week45\002_KC-2_HOST\trunk\Kvaser_Lin\Kvaser_Lin\Debug\link.6692.read.1.tlog
D:\005_Log\02C_Week45\002_KC-2_HOST\trunk\Kvaser_Lin\Kvaser_Lin\Debug\link.6692.write.1.tlog
D:\005_Log\02C_Week45\002_KC-2_HOST\trunk\Kvaser_Lin\Kvaser_Lin\Debug\link.6692-cvtres.read.1.tlog
D:\005_Log\02C_Week45\002_KC-2_HOST\trunk\Kvaser_Lin\Kvaser_Lin\Debug\link.6692-cvtres.write.1.tlog
D:\005_Log\02C_Week45\002_KC-2_HOST\trunk\Kvaser_Lin\Kvaser_Lin\Debug\link.6780.read.1.tlog
D:\005_Log\02C_Week45\002_KC-2_HOST\trunk\Kvaser_Lin\Kvaser_Lin\Debug\link.6780.write.1.tlog
D:\005_Log\02C_Week45\002_KC-2_HOST\trunk\Kvaser_Lin\Kvaser_Lin\Debug\link.6780-cvtres.read.1.tlog
D:\005_Log\02C_Week45\002_KC-2_HOST\trunk\Kvaser_Lin\Kvaser_Lin\Debug\link.6780-cvtres.write.1.tlog
D:\005_Log\02C_Week45\002_KC-2_HOST\trunk\Kvaser_Lin\Kvaser_Lin\Debug\link.6876.read.1.tlog
D:\005_Log\02C_Week45\002_KC-2_HOST\trunk\Kvaser_Lin\Kvaser_Lin\Debug\link.6876.write.1.tlog
D:\005_Log\02C_Week45\002_KC-2_HOST\trunk\Kvaser_Lin\Kvaser_Lin\Debug\link.6876-cvtres.read.1.tlog
D:\005_Log\02C_Week45\002_KC-2_HOST\trunk\Kvaser_Lin\Kvaser_Lin\Debug\link.6876-cvtres.write.1.tlog
D:\005_Log\02C_Week45\002_KC-2_HOST\trunk\Kvaser_Lin\Kvaser_Lin\Debug\link.6888.read.1.tlog
D:\005_Log\02C_Week45\002_KC-2_HOST\trunk\Kvaser_Lin\Kvaser_Lin\Debug\link.6888.write.1.tlog
D:\005_Log\02C_Week45\002_KC-2_HOST\trunk\Kvaser_Lin\Kvaser_Lin\Debug\link.6888-cvtres.read.1.tlog
D:\005_Log\02C_Week45\002_KC-2_HOST\trunk\Kvaser_Lin\Kvaser_Lin\Debug\link.6888-cvtres.write.1.tlog
D:\005_Log\02C_Week45\002_KC-2_HOST\trunk\Kvaser_Lin\Kvaser_Lin\Debug\link.6892.read.1.tlog
D:\005_Log\02C_Week45\002_KC-2_HOST\trunk\Kvaser_Lin\Kvaser_Lin\Debug\link.6892.write.1.tlog
D:\005_Log\02C_Week45\002_KC-2_HOST\trunk\Kvaser_Lin\Kvaser_Lin\Debug\link.6892-cvtres.read.1.tlog
D:\005_Log\02C_Week45\002_KC-2_HOST\trunk\Kvaser_Lin\Kvaser_Lin\Debug\link.6892-cvtres.write.1.tlog
D:\005_Log\02C_Week45\002_KC-2_HOST\trunk\Kvaser_Lin\Kvaser_Lin\Debug\link.6920.read.1.tlog
D:\005_Log\02C_Week45\002_KC-2_HOST\trunk\Kvaser_Lin\Kvaser_Lin\Debug\link.6920.write.1.tlog
D:\005_Log\02C_Week45\002_KC-2_HOST\trunk\Kvaser_Lin\Kvaser_Lin\Debug\link.6920-cvtres.read.1.tlog
D:\005_Log\02C_Week45\002_KC-2_HOST\trunk\Kvaser_Lin\Kvaser_Lin\Debug\link.6920-cvtres.write.1.tlog
D:\005_Log\02C_Week45\002_KC-2_HOST\trunk\Kvaser_Lin\Kvaser_Lin\Debug\link.7124.read.1.tlog
D:\005_Log\02C_Week45\002_KC-2_HOST\trunk\Kvaser_Lin\Kvaser_Lin\Debug\link.7124.write.1.tlog
D:\005_Log\02C_Week45\002_KC-2_HOST\trunk\Kvaser_Lin\Kvaser_Lin\Debug\link.7124-cvtres.read.1.tlog
D:\005_Log\02C_Week45\002_KC-2_HOST\trunk\Kvaser_Lin\Kvaser_Lin\Debug\link.7124-cvtres.write.1.tlog
D:\005_Log\02C_Week45\002_KC-2_HOST\trunk\Kvaser_Lin\Kvaser_Lin\Debug\link.7140.read.1.tlog
D:\005_Log\02C_Week45\002_KC-2_HOST\trunk\Kvaser_Lin\Kvaser_Lin\Debug\link.7140.write.1.tlog
D:\005_Log\02C_Week45\002_KC-2_HOST\trunk\Kvaser_Lin\Kvaser_Lin\Debug\link.7140-cvtres.read.1.tlog
D:\005_Log\02C_Week45\002_KC-2_HOST\trunk\Kvaser_Lin\Kvaser_Lin\Debug\link.7140-cvtres.write.1.tlog
D:\005_Log\02C_Week45\002_KC-2_HOST\trunk\Kvaser_Lin\Kvaser_Lin\Debug\link.7196.read.1.tlog
D:\005_Log\02C_Week45\002_KC-2_HOST\trunk\Kvaser_Lin\Kvaser_Lin\Debug\link.7196.write.1.tlog
D:\005_Log\02C_Week45\002_KC-2_HOST\trunk\Kvaser_Lin\Kvaser_Lin\Debug\link.7196-cvtres.read.1.tlog
D:\005_Log\02C_Week45\002_KC-2_HOST\trunk\Kvaser_Lin\Kvaser_Lin\Debug\link.7196-cvtres.write.1.tlog
D:\005_Log\02C_Week45\002_KC-2_HOST\trunk\Kvaser_Lin\Kvaser_Lin\Debug\link.7276.read.1.tlog
D:\005_Log\02C_Week45\002_KC-2_HOST\trunk\Kvaser_Lin\Kvaser_Lin\Debug\link.7276.write.1.tlog
D:\005_Log\02C_Week45\002_KC-2_HOST\trunk\Kvaser_Lin\Kvaser_Lin\Debug\link.7276-cvtres.read.1.tlog
D:\005_Log\02C_Week45\002_KC-2_HOST\trunk\Kvaser_Lin\Kvaser_Lin\Debug\link.7276-cvtres.write.1.tlog
D:\005_Log\02C_Week45\002_KC-2_HOST\trunk\Kvaser_Lin\Kvaser_Lin\Debug\link.7304.read.1.tlog
D:\005_Log\02C_Week45\002_KC-2_HOST\trunk\Kvaser_Lin\Kvaser_Lin\Debug\link.7304.write.1.tlog
D:\005_Log\02C_Week45\002_KC-2_HOST\trunk\Kvaser_Lin\Kvaser_Lin\Debug\link.7304-cvtres.read.1.tlog
D:\005_Log\02C_Week45\002_KC-2_HOST\trunk\Kvaser_Lin\Kvaser_Lin\Debug\link.7304-cvtres.write.1.tlog
D:\005_Log\02C_Week45\002_KC-2_HOST\trunk\Kvaser_Lin\Kvaser_Lin\Debug\link.7312.read.1.tlog
D:\005_Log\02C_Week45\002_KC-2_HOST\trunk\Kvaser_Lin\Kvaser_Lin\Debug\link.7312.write.1.tlog
D:\005_Log\02C_Week45\002_KC-2_HOST\trunk\Kvaser_Lin\Kvaser_Lin\Debug\link.7312-cvtres.read.1.tlog
D:\005_Log\02C_Week45\002_KC-2_HOST\trunk\Kvaser_Lin\Kvaser_Lin\Debug\link.7312-cvtres.write.1.tlog
D:\005_Log\02C_Week45\002_KC-2_HOST\trunk\Kvaser_Lin\Kvaser_Lin\Debug\link.7432.read.1.tlog
D:\005_Log\02C_Week45\002_KC-2_HOST\trunk\Kvaser_Lin\Kvaser_Lin\Debug\link.7432.write.1.tlog
D:\005_Log\02C_Week45\002_KC-2_HOST\trunk\Kvaser_Lin\Kvaser_Lin\Debug\link.7432-cvtres.read.1.tlog
D:\005_Log\02C_Week45\002_KC-2_HOST\trunk\Kvaser_Lin\Kvaser_Lin\Debug\link.7432-cvtres.write.1.tlog
D:\005_Log\02C_Week45\002_KC-2_HOST\trunk\Kvaser_Lin\Kvaser_Lin\Debug\link.7628.read.1.tlog
D:\005_Log\02C_Week45\002_KC-2_HOST\trunk\Kvaser_Lin\Kvaser_Lin\Debug\link.7628.write.1.tlog
D:\005_Log\02C_Week45\002_KC-2_HOST\trunk\Kvaser_Lin\Kvaser_Lin\Debug\link.7628-cvtres.read.1.tlog
D:\005_Log\02C_Week45\002_KC-2_HOST\trunk\Kvaser_Lin\Kvaser_Lin\Debug\link.7628-cvtres.write.1.tlog
D:\005_Log\02C_Week45\002_KC-2_HOST\trunk\Kvaser_Lin\Kvaser_Lin\Debug\link.7660.read.1.tlog
D:\005_Log\02C_Week45\002_KC-2_HOST\trunk\Kvaser_Lin\Kvaser_Lin\Debug\link.7660.write.1.tlog
D:\005_Log\02C_Week45\002_KC-2_HOST\trunk\Kvaser_Lin\Kvaser_Lin\Debug\link.7660-cvtres.read.1.tlog
D:\005_Log\02C_Week45\002_KC-2_HOST\trunk\Kvaser_Lin\Kvaser_Lin\Debug\link.7660-cvtres.write.1.tlog
D:\005_Log\02C_Week45\002_KC-2_HOST\trunk\Kvaser_Lin\Kvaser_Lin\Debug\link.7728.read.1.tlog
D:\005_Log\02C_Week45\002_KC-2_HOST\trunk\Kvaser_Lin\Kvaser_Lin\Debug\link.7728.write.1.tlog
D:\005_Log\02C_Week45\002_KC-2_HOST\trunk\Kvaser_Lin\Kvaser_Lin\Debug\link.7728-cvtres.read.1.tlog
D:\005_Log\02C_Week45\002_KC-2_HOST\trunk\Kvaser_Lin\Kvaser_Lin\Debug\link.7728-cvtres.write.1.tlog
D:\005_Log\02C_Week45\002_KC-2_HOST\trunk\Kvaser_Lin\Kvaser_Lin\Debug\link.7744.read.1.tlog
D:\005_Log\02C_Week45\002_KC-2_HOST\trunk\Kvaser_Lin\Kvaser_Lin\Debug\link.7744.write.1.tlog
D:\005_Log\02C_Week45\002_KC-2_HOST\trunk\Kvaser_Lin\Kvaser_Lin\Debug\link.7744-cvtres.read.1.tlog
D:\005_Log\02C_Week45\002_KC-2_HOST\trunk\Kvaser_Lin\Kvaser_Lin\Debug\link.7744-cvtres.write.1.tlog
D:\005_Log\02C_Week45\002_KC-2_HOST\trunk\Kvaser_Lin\Kvaser_Lin\Debug\link.7804.read.1.tlog
D:\005_Log\02C_Week45\002_KC-2_HOST\trunk\Kvaser_Lin\Kvaser_Lin\Debug\link.7804.write.1.tlog
D:\005_Log\02C_Week45\002_KC-2_HOST\trunk\Kvaser_Lin\Kvaser_Lin\Debug\link.7804-cvtres.read.1.tlog
D:\005_Log\02C_Week45\002_KC-2_HOST\trunk\Kvaser_Lin\Kvaser_Lin\Debug\link.7804-cvtres.write.1.tlog
D:\005_Log\02C_Week45\002_KC-2_HOST\trunk\Kvaser_Lin\Kvaser_Lin\Debug\link.7864.read.1.tlog
D:\005_Log\02C_Week45\002_KC-2_HOST\trunk\Kvaser_Lin\Kvaser_Lin\Debug\link.7864.write.1.tlog
D:\005_Log\02C_Week45\002_KC-2_HOST\trunk\Kvaser_Lin\Kvaser_Lin\Debug\link.7864-cvtres.read.1.tlog
D:\005_Log\02C_Week45\002_KC-2_HOST\trunk\Kvaser_Lin\Kvaser_Lin\Debug\link.7864-cvtres.write.1.tlog
D:\005_Log\02C_Week45\002_KC-2_HOST\trunk\Kvaser_Lin\Kvaser_Lin\Debug\link.8020.read.1.tlog
D:\005_Log\02C_Week45\002_KC-2_HOST\trunk\Kvaser_Lin\Kvaser_Lin\Debug\link.8020.write.1.tlog
D:\005_Log\02C_Week45\002_KC-2_HOST\trunk\Kvaser_Lin\Kvaser_Lin\Debug\link.8020-cvtres.read.1.tlog
D:\005_Log\02C_Week45\002_KC-2_HOST\trunk\Kvaser_Lin\Kvaser_Lin\Debug\link.8020-cvtres.write.1.tlog
D:\005_Log\02C_Week45\002_KC-2_HOST\trunk\Kvaser_Lin\Kvaser_Lin\Debug\link.8028.read.1.tlog
D:\005_Log\02C_Week45\002_KC-2_HOST\trunk\Kvaser_Lin\Kvaser_Lin\Debug\link.8028.write.1.tlog
D:\005_Log\02C_Week45\002_KC-2_HOST\trunk\Kvaser_Lin\Kvaser_Lin\Debug\link.8028-cvtres.read.1.tlog
D:\005_Log\02C_Week45\002_KC-2_HOST\trunk\Kvaser_Lin\Kvaser_Lin\Debug\link.8028-cvtres.write.1.tlog
D:\005_Log\02C_Week45\002_KC-2_HOST\trunk\Kvaser_Lin\Kvaser_Lin\Debug\link.8032.read.1.tlog
D:\005_Log\02C_Week45\002_KC-2_HOST\trunk\Kvaser_Lin\Kvaser_Lin\Debug\link.8032.write.1.tlog
D:\005_Log\02C_Week45\002_KC-2_HOST\trunk\Kvaser_Lin\Kvaser_Lin\Debug\link.8032-cvtres.read.1.tlog
D:\005_Log\02C_Week45\002_KC-2_HOST\trunk\Kvaser_Lin\Kvaser_Lin\Debug\link.8032-cvtres.write.1.tlog
D:\005_Log\02C_Week45\002_KC-2_HOST\trunk\Kvaser_Lin\Kvaser_Lin\Debug\link.8044.read.1.tlog
D:\005_Log\02C_Week45\002_KC-2_HOST\trunk\Kvaser_Lin\Kvaser_Lin\Debug\link.8044.write.1.tlog
D:\005_Log\02C_Week45\002_KC-2_HOST\trunk\Kvaser_Lin\Kvaser_Lin\Debug\link.8044-cvtres.read.1.tlog
D:\005_Log\02C_Week45\002_KC-2_HOST\trunk\Kvaser_Lin\Kvaser_Lin\Debug\link.8044-cvtres.write.1.tlog
D:\005_Log\02C_Week45\002_KC-2_HOST\trunk\Kvaser_Lin\Kvaser_Lin\Debug\link.8084.read.1.tlog
D:\005_Log\02C_Week45\002_KC-2_HOST\trunk\Kvaser_Lin\Kvaser_Lin\Debug\link.8084.write.1.tlog
D:\005_Log\02C_Week45\002_KC-2_HOST\trunk\Kvaser_Lin\Kvaser_Lin\Debug\link.8084-cvtres.read.1.tlog
D:\005_Log\02C_Week45\002_KC-2_HOST\trunk\Kvaser_Lin\Kvaser_Lin\Debug\link.8084-cvtres.write.1.tlog
D:\005_Log\02C_Week45\002_KC-2_HOST\trunk\Kvaser_Lin\Kvaser_Lin\Debug\link.8200.read.1.tlog
D:\005_Log\02C_Week45\002_KC-2_HOST\trunk\Kvaser_Lin\Kvaser_Lin\Debug\link.8200.write.1.tlog
D:\005_Log\02C_Week45\002_KC-2_HOST\trunk\Kvaser_Lin\Kvaser_Lin\Debug\link.8200-cvtres.read.1.tlog
D:\005_Log\02C_Week45\002_KC-2_HOST\trunk\Kvaser_Lin\Kvaser_Lin\Debug\link.8200-cvtres.write.1.tlog
D:\005_Log\02C_Week45\002_KC-2_HOST\trunk\Kvaser_Lin\Kvaser_Lin\Debug\link.8220.read.1.tlog
D:\005_Log\02C_Week45\002_KC-2_HOST\trunk\Kvaser_Lin\Kvaser_Lin\Debug\link.8220.write.1.tlog
D:\005_Log\02C_Week45\002_KC-2_HOST\trunk\Kvaser_Lin\Kvaser_Lin\Debug\link.8220-cvtres.read.1.tlog
D:\005_Log\02C_Week45\002_KC-2_HOST\trunk\Kvaser_Lin\Kvaser_Lin\Debug\link.8220-cvtres.write.1.tlog
D:\005_Log\02C_Week45\002_KC-2_HOST\trunk\Kvaser_Lin\Kvaser_Lin\Debug\link.8268.read.1.tlog
D:\005_Log\02C_Week45\002_KC-2_HOST\trunk\Kvaser_Lin\Kvaser_Lin\Debug\link.8268.write.1.tlog
D:\005_Log\02C_Week45\002_KC-2_HOST\trunk\Kvaser_Lin\Kvaser_Lin\Debug\link.8268-cvtres.read.1.tlog
D:\005_Log\02C_Week45\002_KC-2_HOST\trunk\Kvaser_Lin\Kvaser_Lin\Debug\link.8268-cvtres.write.1.tlog
D:\005_Log\02C_Week45\002_KC-2_HOST\trunk\Kvaser_Lin\Kvaser_Lin\Debug\link.8376.read.1.tlog
D:\005_Log\02C_Week45\002_KC-2_HOST\trunk\Kvaser_Lin\Kvaser_Lin\Debug\link.8376.write.1.tlog
D:\005_Log\02C_Week45\002_KC-2_HOST\trunk\Kvaser_Lin\Kvaser_Lin\Debug\link.8376-cvtres.read.1.tlog
D:\005_Log\02C_Week45\002_KC-2_HOST\trunk\Kvaser_Lin\Kvaser_Lin\Debug\link.8376-cvtres.write.1.tlog
D:\005_Log\02C_Week45\002_KC-2_HOST\trunk\Kvaser_Lin\Kvaser_Lin\Debug\link.8540.read.1.tlog
D:\005_Log\02C_Week45\002_KC-2_HOST\trunk\Kvaser_Lin\Kvaser_Lin\Debug\link.8540.write.1.tlog
D:\005_Log\02C_Week45\002_KC-2_HOST\trunk\Kvaser_Lin\Kvaser_Lin\Debug\link.8540-cvtres.read.1.tlog
D:\005_Log\02C_Week45\002_KC-2_HOST\trunk\Kvaser_Lin\Kvaser_Lin\Debug\link.8540-cvtres.write.1.tlog
D:\005_Log\02C_Week45\002_KC-2_HOST\trunk\Kvaser_Lin\Kvaser_Lin\Debug\link.8580.read.1.tlog
D:\005_Log\02C_Week45\002_KC-2_HOST\trunk\Kvaser_Lin\Kvaser_Lin\Debug\link.8580.write.1.tlog
D:\005_Log\02C_Week45\002_KC-2_HOST\trunk\Kvaser_Lin\Kvaser_Lin\Debug\link.8580-cvtres.read.1.tlog
D:\005_Log\02C_Week45\002_KC-2_HOST\trunk\Kvaser_Lin\Kvaser_Lin\Debug\link.8580-cvtres.write.1.tlog
D:\005_Log\02C_Week45\002_KC-2_HOST\trunk\Kvaser_Lin\Kvaser_Lin\Debug\link.8628.read.1.tlog
D:\005_Log\02C_Week45\002_KC-2_HOST\trunk\Kvaser_Lin\Kvaser_Lin\Debug\link.8628.write.1.tlog
D:\005_Log\02C_Week45\002_KC-2_HOST\trunk\Kvaser_Lin\Kvaser_Lin\Debug\link.8628-cvtres.read.1.tlog
D:\005_Log\02C_Week45\002_KC-2_HOST\trunk\Kvaser_Lin\Kvaser_Lin\Debug\link.8628-cvtres.write.1.tlog
D:\005_Log\02C_Week45\002_KC-2_HOST\trunk\Kvaser_Lin\Kvaser_Lin\Debug\link.8712.read.1.tlog
D:\005_Log\02C_Week45\002_KC-2_HOST\trunk\Kvaser_Lin\Kvaser_Lin\Debug\link.8712.write.1.tlog
D:\005_Log\02C_Week45\002_KC-2_HOST\trunk\Kvaser_Lin\Kvaser_Lin\Debug\link.8712-cvtres.read.1.tlog
D:\005_Log\02C_Week45\002_KC-2_HOST\trunk\Kvaser_Lin\Kvaser_Lin\Debug\link.8712-cvtres.write.1.tlog
D:\005_Log\02C_Week45\002_KC-2_HOST\trunk\Kvaser_Lin\Kvaser_Lin\Debug\link.8740.read.1.tlog
D:\005_Log\02C_Week45\002_KC-2_HOST\trunk\Kvaser_Lin\Kvaser_Lin\Debug\link.8740.write.1.tlog
D:\005_Log\02C_Week45\002_KC-2_HOST\trunk\Kvaser_Lin\Kvaser_Lin\Debug\link.8740-cvtres.read.1.tlog
D:\005_Log\02C_Week45\002_KC-2_HOST\trunk\Kvaser_Lin\Kvaser_Lin\Debug\link.8740-cvtres.write.1.tlog
D:\005_Log\02C_Week45\002_KC-2_HOST\trunk\Kvaser_Lin\Kvaser_Lin\Debug\link.8756.read.1.tlog
D:\005_Log\02C_Week45\002_KC-2_HOST\trunk\Kvaser_Lin\Kvaser_Lin\Debug\link.8756.write.1.tlog
D:\005_Log\02C_Week45\002_KC-2_HOST\trunk\Kvaser_Lin\Kvaser_Lin\Debug\link.8756-cvtres.read.1.tlog
D:\005_Log\02C_Week45\002_KC-2_HOST\trunk\Kvaser_Lin\Kvaser_Lin\Debug\link.8756-cvtres.write.1.tlog
D:\005_Log\02C_Week45\002_KC-2_HOST\trunk\Kvaser_Lin\Kvaser_Lin\Debug\link.8788.read.1.tlog
D:\005_Log\02C_Week45\002_KC-2_HOST\trunk\Kvaser_Lin\Kvaser_Lin\Debug\link.8788.write.1.tlog
D:\005_Log\02C_Week45\002_KC-2_HOST\trunk\Kvaser_Lin\Kvaser_Lin\Debug\link.8788-cvtres.read.1.tlog
D:\005_Log\02C_Week45\002_KC-2_HOST\trunk\Kvaser_Lin\Kvaser_Lin\Debug\link.8788-cvtres.write.1.tlog
D:\005_Log\02C_Week45\002_KC-2_HOST\trunk\Kvaser_Lin\Kvaser_Lin\Debug\link.8820.read.1.tlog
D:\005_Log\02C_Week45\002_KC-2_HOST\trunk\Kvaser_Lin\Kvaser_Lin\Debug\link.8820.write.1.tlog
D:\005_Log\02C_Week45\002_KC-2_HOST\trunk\Kvaser_Lin\Kvaser_Lin\Debug\link.8820-cvtres.read.1.tlog
D:\005_Log\02C_Week45\002_KC-2_HOST\trunk\Kvaser_Lin\Kvaser_Lin\Debug\link.8820-cvtres.write.1.tlog
D:\005_Log\02C_Week45\002_KC-2_HOST\trunk\Kvaser_Lin\Kvaser_Lin\Debug\link.8892.read.1.tlog
D:\005_Log\02C_Week45\002_KC-2_HOST\trunk\Kvaser_Lin\Kvaser_Lin\Debug\link.8892.write.1.tlog
D:\005_Log\02C_Week45\002_KC-2_HOST\trunk\Kvaser_Lin\Kvaser_Lin\Debug\link.8892-cvtres.read.1.tlog
D:\005_Log\02C_Week45\002_KC-2_HOST\trunk\Kvaser_Lin\Kvaser_Lin\Debug\link.8892-cvtres.write.1.tlog
D:\005_Log\02C_Week45\002_KC-2_HOST\trunk\Kvaser_Lin\Kvaser_Lin\Debug\link.8908.read.1.tlog
D:\005_Log\02C_Week45\002_KC-2_HOST\trunk\Kvaser_Lin\Kvaser_Lin\Debug\link.8908.write.1.tlog
D:\005_Log\02C_Week45\002_KC-2_HOST\trunk\Kvaser_Lin\Kvaser_Lin\Debug\link.8908-cvtres.read.1.tlog
D:\005_Log\02C_Week45\002_KC-2_HOST\trunk\Kvaser_Lin\Kvaser_Lin\Debug\link.8908-cvtres.write.1.tlog
D:\005_Log\02C_Week45\002_KC-2_HOST\trunk\Kvaser_Lin\Kvaser_Lin\Debug\link.8920.read.1.tlog
D:\005_Log\02C_Week45\002_KC-2_HOST\trunk\Kvaser_Lin\Kvaser_Lin\Debug\link.8920.write.1.tlog
D:\005_Log\02C_Week45\002_KC-2_HOST\trunk\Kvaser_Lin\Kvaser_Lin\Debug\link.8920-cvtres.read.1.tlog
D:\005_Log\02C_Week45\002_KC-2_HOST\trunk\Kvaser_Lin\Kvaser_Lin\Debug\link.8920-cvtres.write.1.tlog
D:\005_Log\02C_Week45\002_KC-2_HOST\trunk\Kvaser_Lin\Kvaser_Lin\Debug\link.8924.read.1.tlog
D:\005_Log\02C_Week45\002_KC-2_HOST\trunk\Kvaser_Lin\Kvaser_Lin\Debug\link.8924.write.1.tlog
D:\005_Log\02C_Week45\002_KC-2_HOST\trunk\Kvaser_Lin\Kvaser_Lin\Debug\link.8924-cvtres.read.1.tlog
D:\005_Log\02C_Week45\002_KC-2_HOST\trunk\Kvaser_Lin\Kvaser_Lin\Debug\link.8924-cvtres.write.1.tlog
D:\005_Log\02C_Week45\002_KC-2_HOST\trunk\Kvaser_Lin\Kvaser_Lin\Debug\link.8940.read.1.tlog
D:\005_Log\02C_Week45\002_KC-2_HOST\trunk\Kvaser_Lin\Kvaser_Lin\Debug\link.8940.write.1.tlog
D:\005_Log\02C_Week45\002_KC-2_HOST\trunk\Kvaser_Lin\Kvaser_Lin\Debug\link.8940-cvtres.read.1.tlog
D:\005_Log\02C_Week45\002_KC-2_HOST\trunk\Kvaser_Lin\Kvaser_Lin\Debug\link.8940-cvtres.write.1.tlog
D:\005_Log\02C_Week45\002_KC-2_HOST\trunk\Kvaser_Lin\Kvaser_Lin\Debug\link.9004.read.1.tlog
D:\005_Log\02C_Week45\002_KC-2_HOST\trunk\Kvaser_Lin\Kvaser_Lin\Debug\link.9004.write.1.tlog
D:\005_Log\02C_Week45\002_KC-2_HOST\trunk\Kvaser_Lin\Kvaser_Lin\Debug\link.9004-cvtres.read.1.tlog
D:\005_Log\02C_Week45\002_KC-2_HOST\trunk\Kvaser_Lin\Kvaser_Lin\Debug\link.9004-cvtres.write.1.tlog
D:\005_Log\02C_Week45\002_KC-2_HOST\trunk\Kvaser_Lin\Kvaser_Lin\Debug\link.9040.read.1.tlog
D:\005_Log\02C_Week45\002_KC-2_HOST\trunk\Kvaser_Lin\Kvaser_Lin\Debug\link.9040.write.1.tlog
D:\005_Log\02C_Week45\002_KC-2_HOST\trunk\Kvaser_Lin\Kvaser_Lin\Debug\link.9040-cvtres.read.1.tlog
D:\005_Log\02C_Week45\002_KC-2_HOST\trunk\Kvaser_Lin\Kvaser_Lin\Debug\link.9040-cvtres.write.1.tlog
D:\005_Log\02C_Week45\002_KC-2_HOST\trunk\Kvaser_Lin\Kvaser_Lin\Debug\link.9128.read.1.tlog
D:\005_Log\02C_Week45\002_KC-2_HOST\trunk\Kvaser_Lin\Kvaser_Lin\Debug\link.9128.write.1.tlog
D:\005_Log\02C_Week45\002_KC-2_HOST\trunk\Kvaser_Lin\Kvaser_Lin\Debug\link.9128-cvtres.read.1.tlog
D:\005_Log\02C_Week45\002_KC-2_HOST\trunk\Kvaser_Lin\Kvaser_Lin\Debug\link.9128-cvtres.write.1.tlog
D:\005_Log\02C_Week45\002_KC-2_HOST\trunk\Kvaser_Lin\Kvaser_Lin\Debug\link.9132.read.1.tlog
D:\005_Log\02C_Week45\002_KC-2_HOST\trunk\Kvaser_Lin\Kvaser_Lin\Debug\link.9132.write.1.tlog
D:\005_Log\02C_Week45\002_KC-2_HOST\trunk\Kvaser_Lin\Kvaser_Lin\Debug\link.9132-cvtres.read.1.tlog
D:\005_Log\02C_Week45\002_KC-2_HOST\trunk\Kvaser_Lin\Kvaser_Lin\Debug\link.9132-cvtres.write.1.tlog
D:\005_Log\02C_Week45\002_KC-2_HOST\trunk\Kvaser_Lin\Kvaser_Lin\Debug\link.9148.read.1.tlog
D:\005_Log\02C_Week45\002_KC-2_HOST\trunk\Kvaser_Lin\Kvaser_Lin\Debug\link.9148.write.1.tlog
D:\005_Log\02C_Week45\002_KC-2_HOST\trunk\Kvaser_Lin\Kvaser_Lin\Debug\link.9148-cvtres.read.1.tlog
D:\005_Log\02C_Week45\002_KC-2_HOST\trunk\Kvaser_Lin\Kvaser_Lin\Debug\link.9148-cvtres.write.1.tlog
D:\005_Log\02C_Week45\002_KC-2_HOST\trunk\Kvaser_Lin\Kvaser_Lin\Debug\link.9152.read.1.tlog
D:\005_Log\02C_Week45\002_KC-2_HOST\trunk\Kvaser_Lin\Kvaser_Lin\Debug\link.9152.write.1.tlog
D:\005_Log\02C_Week45\002_KC-2_HOST\trunk\Kvaser_Lin\Kvaser_Lin\Debug\link.9152-cvtres.read.1.tlog
D:\005_Log\02C_Week45\002_KC-2_HOST\trunk\Kvaser_Lin\Kvaser_Lin\Debug\link.9152-cvtres.write.1.tlog
D:\005_Log\02C_Week45\002_KC-2_HOST\trunk\Kvaser_Lin\Kvaser_Lin\Debug\link.9156.read.1.tlog
D:\005_Log\02C_Week45\002_KC-2_HOST\trunk\Kvaser_Lin\Kvaser_Lin\Debug\link.9156.write.1.tlog
D:\005_Log\02C_Week45\002_KC-2_HOST\trunk\Kvaser_Lin\Kvaser_Lin\Debug\link.9156-cvtres.read.1.tlog
D:\005_Log\02C_Week45\002_KC-2_HOST\trunk\Kvaser_Lin\Kvaser_Lin\Debug\link.9156-cvtres.write.1.tlog
D:\005_Log\02C_Week45\002_KC-2_HOST\trunk\Kvaser_Lin\Kvaser_Lin\Debug\link.9188.read.1.tlog
D:\005_Log\02C_Week45\002_KC-2_HOST\trunk\Kvaser_Lin\Kvaser_Lin\Debug\link.9188.write.1.tlog
D:\005_Log\02C_Week45\002_KC-2_HOST\trunk\Kvaser_Lin\Kvaser_Lin\Debug\link.9188-cvtres.read.1.tlog
D:\005_Log\02C_Week45\002_KC-2_HOST\trunk\Kvaser_Lin\Kvaser_Lin\Debug\link.9188-cvtres.write.1.tlog
D:\005_Log\02C_Week45\002_KC-2_HOST\trunk\Kvaser_Lin\Kvaser_Lin\Debug\link.9208.read.1.tlog
D:\005_Log\02C_Week45\002_KC-2_HOST\trunk\Kvaser_Lin\Kvaser_Lin\Debug\link.9208.write.1.tlog
D:\005_Log\02C_Week45\002_KC-2_HOST\trunk\Kvaser_Lin\Kvaser_Lin\Debug\link.9208-cvtres.read.1.tlog
D:\005_Log\02C_Week45\002_KC-2_HOST\trunk\Kvaser_Lin\Kvaser_Lin\Debug\link.9208-cvtres.write.1.tlog
D:\005_Log\02C_Week45\002_KC-2_HOST\trunk\Kvaser_Lin\Kvaser_Lin\Debug\link.9232.read.1.tlog
D:\005_Log\02C_Week45\002_KC-2_HOST\trunk\Kvaser_Lin\Kvaser_Lin\Debug\link.9232.write.1.tlog
D:\005_Log\02C_Week45\002_KC-2_HOST\trunk\Kvaser_Lin\Kvaser_Lin\Debug\link.9232-cvtres.read.1.tlog
D:\005_Log\02C_Week45\002_KC-2_HOST\trunk\Kvaser_Lin\Kvaser_Lin\Debug\link.9232-cvtres.write.1.tlog
D:\005_Log\02C_Week45\002_KC-2_HOST\trunk\Kvaser_Lin\Kvaser_Lin\Debug\link.9344.read.1.tlog
D:\005_Log\02C_Week45\002_KC-2_HOST\trunk\Kvaser_Lin\Kvaser_Lin\Debug\link.9344.write.1.tlog
D:\005_Log\02C_Week45\002_KC-2_HOST\trunk\Kvaser_Lin\Kvaser_Lin\Debug\link.9344-cvtres.read.1.tlog
D:\005_Log\02C_Week45\002_KC-2_HOST\trunk\Kvaser_Lin\Kvaser_Lin\Debug\link.9344-cvtres.write.1.tlog
D:\005_Log\02C_Week45\002_KC-2_HOST\trunk\Kvaser_Lin\Kvaser_Lin\Debug\link.9504.read.1.tlog
D:\005_Log\02C_Week45\002_KC-2_HOST\trunk\Kvaser_Lin\Kvaser_Lin\Debug\link.9504.write.1.tlog
D:\005_Log\02C_Week45\002_KC-2_HOST\trunk\Kvaser_Lin\Kvaser_Lin\Debug\link.9504-cvtres.read.1.tlog
D:\005_Log\02C_Week45\002_KC-2_HOST\trunk\Kvaser_Lin\Kvaser_Lin\Debug\link.9504-cvtres.write.1.tlog
D:\005_Log\02C_Week45\002_KC-2_HOST\trunk\Kvaser_Lin\Kvaser_Lin\Debug\link.9576.read.1.tlog
D:\005_Log\02C_Week45\002_KC-2_HOST\trunk\Kvaser_Lin\Kvaser_Lin\Debug\link.9576.write.1.tlog
D:\005_Log\02C_Week45\002_KC-2_HOST\trunk\Kvaser_Lin\Kvaser_Lin\Debug\link.9576-cvtres.read.1.tlog
D:\005_Log\02C_Week45\002_KC-2_HOST\trunk\Kvaser_Lin\Kvaser_Lin\Debug\link.9576-cvtres.write.1.tlog
D:\005_Log\02C_Week45\002_KC-2_HOST\trunk\Kvaser_Lin\Kvaser_Lin\Debug\link.9636.read.1.tlog
D:\005_Log\02C_Week45\002_KC-2_HOST\trunk\Kvaser_Lin\Kvaser_Lin\Debug\link.9636.write.1.tlog
D:\005_Log\02C_Week45\002_KC-2_HOST\trunk\Kvaser_Lin\Kvaser_Lin\Debug\link.9636-cvtres.read.1.tlog
D:\005_Log\02C_Week45\002_KC-2_HOST\trunk\Kvaser_Lin\Kvaser_Lin\Debug\link.9636-cvtres.write.1.tlog
D:\005_Log\02C_Week45\002_KC-2_HOST\trunk\Kvaser_Lin\Kvaser_Lin\Debug\link.9668.read.1.tlog
D:\005_Log\02C_Week45\002_KC-2_HOST\trunk\Kvaser_Lin\Kvaser_Lin\Debug\link.9668.write.1.tlog
D:\005_Log\02C_Week45\002_KC-2_HOST\trunk\Kvaser_Lin\Kvaser_Lin\Debug\link.9668-cvtres.read.1.tlog
D:\005_Log\02C_Week45\002_KC-2_HOST\trunk\Kvaser_Lin\Kvaser_Lin\Debug\link.9668-cvtres.write.1.tlog
D:\005_Log\02C_Week45\002_KC-2_HOST\trunk\Kvaser_Lin\Kvaser_Lin\Debug\link.9676.read.1.tlog
D:\005_Log\02C_Week45\002_KC-2_HOST\trunk\Kvaser_Lin\Kvaser_Lin\Debug\link.9676.write.1.tlog
D:\005_Log\02C_Week45\002_KC-2_HOST\trunk\Kvaser_Lin\Kvaser_Lin\Debug\link.9676-cvtres.read.1.tlog
D:\005_Log\02C_Week45\002_KC-2_HOST\trunk\Kvaser_Lin\Kvaser_Lin\Debug\link.9676-cvtres.write.1.tlog
D:\005_Log\02C_Week45\002_KC-2_HOST\trunk\Kvaser_Lin\Kvaser_Lin\Debug\link.9696.read.1.tlog
D:\005_Log\02C_Week45\002_KC-2_HOST\trunk\Kvaser_Lin\Kvaser_Lin\Debug\link.9696.write.1.tlog
D:\005_Log\02C_Week45\002_KC-2_HOST\trunk\Kvaser_Lin\Kvaser_Lin\Debug\link.9696-cvtres.read.1.tlog
D:\005_Log\02C_Week45\002_KC-2_HOST\trunk\Kvaser_Lin\Kvaser_Lin\Debug\link.9696-cvtres.write.1.tlog
D:\005_Log\02C_Week45\002_KC-2_HOST\trunk\Kvaser_Lin\Kvaser_Lin\Debug\link.9784.read.1.tlog
D:\005_Log\02C_Week45\002_KC-2_HOST\trunk\Kvaser_Lin\Kvaser_Lin\Debug\link.9784.write.1.tlog
D:\005_Log\02C_Week45\002_KC-2_HOST\trunk\Kvaser_Lin\Kvaser_Lin\Debug\link.9784-cvtres.read.1.tlog
D:\005_Log\02C_Week45\002_KC-2_HOST\trunk\Kvaser_Lin\Kvaser_Lin\Debug\link.9784-cvtres.write.1.tlog
D:\005_Log\02C_Week45\002_KC-2_HOST\trunk\Kvaser_Lin\Kvaser_Lin\Debug\link.9816.read.1.tlog
D:\005_Log\02C_Week45\002_KC-2_HOST\trunk\Kvaser_Lin\Kvaser_Lin\Debug\link.9816.write.1.tlog
D:\005_Log\02C_Week45\002_KC-2_HOST\trunk\Kvaser_Lin\Kvaser_Lin\Debug\link.9816-cvtres.read.1.tlog
D:\005_Log\02C_Week45\002_KC-2_HOST\trunk\Kvaser_Lin\Kvaser_Lin\Debug\link.9816-cvtres.write.1.tlog
D:\005_Log\02C_Week45\002_KC-2_HOST\trunk\Kvaser_Lin\Kvaser_Lin\Debug\link.9920.read.1.tlog
D:\005_Log\02C_Week45\002_KC-2_HOST\trunk\Kvaser_Lin\Kvaser_Lin\Debug\link.9920.write.1.tlog
D:\005_Log\02C_Week45\002_KC-2_HOST\trunk\Kvaser_Lin\Kvaser_Lin\Debug\link.9920-cvtres.read.1.tlog
D:\005_Log\02C_Week45\002_KC-2_HOST\trunk\Kvaser_Lin\Kvaser_Lin\Debug\link.9920-cvtres.write.1.tlog
D:\005_Log\02C_Week45\002_KC-2_HOST\trunk\Kvaser_Lin\Kvaser_Lin\Debug\link.9984.read.1.tlog
D:\005_Log\02C_Week45\002_KC-2_HOST\trunk\Kvaser_Lin\Kvaser_Lin\Debug\link.9984.write.1.tlog
D:\005_Log\02C_Week45\002_KC-2_HOST\trunk\Kvaser_Lin\Kvaser_Lin\Debug\link.9984-cvtres.read.1.tlog
D:\005_Log\02C_Week45\002_KC-2_HOST\trunk\Kvaser_Lin\Kvaser_Lin\Debug\link.9984-cvtres.write.1.tlog
D:\005_Log\02C_Week45\002_KC-2_HOST\trunk\Kvaser_Lin\Kvaser_Lin\Debug\link.9996.read.1.tlog
D:\005_Log\02C_Week45\002_KC-2_HOST\trunk\Kvaser_Lin\Kvaser_Lin\Debug\link.9996.write.1.tlog
D:\005_Log\02C_Week45\002_KC-2_HOST\trunk\Kvaser_Lin\Kvaser_Lin\Debug\link.9996-cvtres.read.1.tlog
D:\005_Log\02C_Week45\002_KC-2_HOST\trunk\Kvaser_Lin\Kvaser_Lin\Debug\link.9996-cvtres.write.1.tlog
D:\005_Log\02C_Week45\002_KC-2_HOST\trunk\Kvaser_Lin\Kvaser_Lin\Debug\link.command.1.tlog
D:\005_Log\02C_Week45\002_KC-2_HOST\trunk\Kvaser_Lin\Kvaser_Lin\Debug\link.read.1.tlog
D:\005_Log\02C_Week45\002_KC-2_HOST\trunk\Kvaser_Lin\Kvaser_Lin\Debug\link.write.1.tlog
D:\005_Log\02C_Week45\002_KC-2_HOST\trunk\Kvaser_Lin\Kvaser_Lin\Debug\mt.command.1.tlog
D:\005_Log\02C_Week45\002_KC-2_HOST\trunk\Kvaser_Lin\Kvaser_Lin\Debug\mt.read.1.tlog
D:\005_Log\02C_Week45\002_KC-2_HOST\trunk\Kvaser_Lin\Kvaser_Lin\Debug\mt.write.1.tlog
D:\005_Log\02C_Week45\002_KC-2_HOST\trunk\Kvaser_Lin\Kvaser_Lin\Debug\rc.command.1.tlog
D:\005_Log\02C_Week45\002_KC-2_HOST\trunk\Kvaser_Lin\Kvaser_Lin\Debug\rc.read.1.tlog
D:\005_Log\02C_Week45\002_KC-2_HOST\trunk\Kvaser_Lin\Kvaser_Lin\Debug\rc.write.1.tlog
D:\005_Log\02C_Week45\002_KC-2_HOST\trunk\Kvaser_Lin\Kvaser_Lin\Debug\ResolveAssemblyReference.cache
D:\005_Log\02C_Week45\002_KC-2_HOST\trunk\Kvaser_Lin\Kvaser_Lin\Debug\stdafx.obj
D:\005_Log\02C_Week45\002_KC-2_HOST\trunk\Kvaser_Lin\Kvaser_Lin\Debug\vc100.pdb
D:\007_CODE\010_KVASER\KVASER\TRUNK\KVASER_LIN\DEBUG\KVASER_LIN.EXE
D:\007_CODE\010_KVASER\KVASER\TRUNK\KVASER_LIN\DEBUG\KVASER_LIN.ILK
D:\007_CODE\010_KVASER\KVASER\TRUNK\KVASER_LIN\DEBUG\KVASER_LIN.PDB
D:\007_Code\010_Kvaser\Kvaser\trunk\Kvaser_Lin\Debug\linlibCLSNET.dll
D:\007_CODE\010_KVASER\KVASER\TRUNK\KVASER_LIN\KVASER_LIN\DEBUG\.NETFRAMEWORK,VERSION=V4.0.ASSEMBLYATTRIBUTES.OBJ
D:\007_CODE\010_KVASER\KVASER\TRUNK\KVASER_LIN\KVASER_LIN\DEBUG\APP.RES
D:\007_CODE\010_KVASER\KVASER\TRUNK\KVASER_LIN\KVASER_LIN\DEBUG\ASSEMBLYINFO.OBJ
D:\007_CODE\010_KVASER\KVASER\TRUNK\KVASER_LIN\KVASER_LIN\DEBUG\KVASER_LIN.EXE.INTERMEDIATE.MANIFEST
D:\007_CODE\010_KVASER\KVASER\TRUNK\KVASER_LIN\KVASER_LIN\DEBUG\KVASER_LIN.FORM1.RESOURCES
D:\007_CODE\010_KVASER\KVASER\TRUNK\KVASER_LIN\KVASER_LIN\DEBUG\KVASER_LIN.OBJ
D:\007_CODE\010_KVASER\KVASER\TRUNK\KVASER_LIN\KVASER_LIN\DEBUG\KVASER_LIN.PCH
D:\007_CODE\010_KVASER\KVASER\TRUNK\KVASER_LIN\KVASER_LIN\DEBUG\STDAFX.OBJ
D:\007_CODE\010_KVASER\KVASER\TRUNK\KVASER_LIN\KVASER_LIN\DEBUG\VC100.PDB
